TpTrace Verbose: 0 : 22724, 1, 2022/01/10, 16:03:17.687, 3575384826420, vstest.console.dll, Version: 16.11.0
TpTrace Information: 0 : 22724, 1, 2022/01/10, 16:03:17.715, 3575385049947, vstest.console.dll, FilePatternParser: The given file C:\Users\Armin\Documents\GitHub\Grupa-3-Verifikovani-i-Validirani-Softverasi\Zadaća 4\SeleniumTest\bin\Debug\net5.0\fine-code-coverage\build-output\SeleniumTest.dll is a full path.
TpTrace Verbose: 0 : 22724, 1, 2022/01/10, 16:03:17.739, 3575385293407, vstest.console.dll, TestPluginCache.DiscoverTestExtensions: finding test extensions in assemblies ends with: RuntimeProvider.dll TPluginInfo: Microsoft.VisualStudio.TestPlatform.Common.ExtensionFramework.Utilities.TestRuntimePluginInformation TExtension: Microsoft.VisualStudio.TestPlatform.ObjectModel.Host.ITestRuntimeProvider
TpTrace Verbose: 0 : 22724, 1, 2022/01/10, 16:03:17.740, 3575385302275, vstest.console.dll, TestPluginCache.GetExtensionPaths: Filtered extension paths: 
TpTrace Verbose: 0 : 22724, 1, 2022/01/10, 16:03:17.740, 3575385305996, vstest.console.dll, TestPluginCache.GetExtensionPaths: Added default extension paths: C:\Program Files\dotnet\sdk\5.0.402\Extensions\Microsoft.Diagnostics.NETCore.Client.dll
C:\Program Files\dotnet\sdk\5.0.402\Extensions\Microsoft.TestPlatform.Extensions.BlameDataCollector.dll
C:\Program Files\dotnet\sdk\5.0.402\Extensions\Microsoft.TestPlatform.Extensions.EventLogCollector.dll
C:\Program Files\dotnet\sdk\5.0.402\Extensions\Microsoft.TestPlatform.TestHostRuntimeProvider.dll
C:\Program Files\dotnet\sdk\5.0.402\Extensions\Microsoft.VisualStudio.TestPlatform.Extensions.Html.TestLogger.dll
C:\Program Files\dotnet\sdk\5.0.402\Extensions\Microsoft.VisualStudio.TestPlatform.Extensions.Trx.TestLogger.dll
TpTrace Verbose: 0 : 22724, 1, 2022/01/10, 16:03:17.741, 3575385307791, vstest.console.dll, TestPluginCache.GetExtensionPaths: Added unfilterableExtensionPaths: 
TpTrace Information: 0 : 22724, 1, 2022/01/10, 16:03:17.743, 3575385332880, vstest.console.dll, AssemblyResolver.ctor: Creating AssemblyResolver with searchDirectories C:\Program Files\dotnet\sdk\5.0.402\Extensions,C:\Program Files\dotnet\sdk\5.0.402
TpTrace Verbose: 0 : 22724, 1, 2022/01/10, 16:03:17.745, 3575385356732, vstest.console.dll, TestPluginCache.DiscoverTestExtensions: Discovering the extensions using extension path.
TpTrace Verbose: 0 : 22724, 1, 2022/01/10, 16:03:17.746, 3575385363047, vstest.console.dll, TestPluginCache.GetExtensionPaths: Filtered extension paths: 
TpTrace Verbose: 0 : 22724, 1, 2022/01/10, 16:03:17.746, 3575385365780, vstest.console.dll, TestPluginCache.GetExtensionPaths: Added default extension paths: C:\Program Files\dotnet\sdk\5.0.402\Extensions\Microsoft.Diagnostics.NETCore.Client.dll
C:\Program Files\dotnet\sdk\5.0.402\Extensions\Microsoft.TestPlatform.Extensions.BlameDataCollector.dll
C:\Program Files\dotnet\sdk\5.0.402\Extensions\Microsoft.TestPlatform.Extensions.EventLogCollector.dll
C:\Program Files\dotnet\sdk\5.0.402\Extensions\Microsoft.TestPlatform.TestHostRuntimeProvider.dll
C:\Program Files\dotnet\sdk\5.0.402\Extensions\Microsoft.VisualStudio.TestPlatform.Extensions.Html.TestLogger.dll
C:\Program Files\dotnet\sdk\5.0.402\Extensions\Microsoft.VisualStudio.TestPlatform.Extensions.Trx.TestLogger.dll
TpTrace Verbose: 0 : 22724, 1, 2022/01/10, 16:03:17.746, 3575385366974, vstest.console.dll, TestPluginCache.GetExtensionPaths: Added unfilterableExtensionPaths: 
TpTrace Verbose: 0 : 22724, 1, 2022/01/10, 16:03:17.747, 3575385369331, vstest.console.dll, TestPluginCache.DiscoverTestExtensions: Discovering the extensions using allExtensionPaths: C:\Program Files\dotnet\sdk\5.0.402\Extensions\Microsoft.Diagnostics.NETCore.Client.dll
C:\Program Files\dotnet\sdk\5.0.402\Extensions\Microsoft.TestPlatform.Extensions.BlameDataCollector.dll
C:\Program Files\dotnet\sdk\5.0.402\Extensions\Microsoft.TestPlatform.Extensions.EventLogCollector.dll
C:\Program Files\dotnet\sdk\5.0.402\Extensions\Microsoft.TestPlatform.TestHostRuntimeProvider.dll
C:\Program Files\dotnet\sdk\5.0.402\Extensions\Microsoft.VisualStudio.TestPlatform.Extensions.Html.TestLogger.dll
C:\Program Files\dotnet\sdk\5.0.402\Extensions\Microsoft.VisualStudio.TestPlatform.Extensions.Trx.TestLogger.dll
TpTrace Information: 0 : 22724, 1, 2022/01/10, 16:03:17.747, 3575385374805, vstest.console.dll, AssemblyResolver.AddSearchDirectories: Adding more searchDirectories C:\Program Files\dotnet\sdk\5.0.402\Extensions,C:\Program Files\dotnet\sdk\5.0.402
TpTrace Information: 0 : 22724, 1, 2022/01/10, 16:03:17.748, 3575385377647, vstest.console.dll, AssemblyResolver.AddSearchDirectories: Adding more searchDirectories C:\Program Files\dotnet\sdk\5.0.402\Extensions,C:\Program Files\dotnet\sdk\5.0.402
TpTrace Information: 0 : 22724, 1, 2022/01/10, 16:03:17.748, 3575385379609, vstest.console.dll, AssemblyResolver.AddSearchDirectories: Adding more searchDirectories C:\Program Files\dotnet\sdk\5.0.402\Extensions,C:\Program Files\dotnet\sdk\5.0.402
TpTrace Information: 0 : 22724, 1, 2022/01/10, 16:03:17.748, 3575385380735, vstest.console.dll, AssemblyResolver.AddSearchDirectories: Adding more searchDirectories C:\Program Files\dotnet\sdk\5.0.402\Extensions,C:\Program Files\dotnet\sdk\5.0.402
TpTrace Information: 0 : 22724, 1, 2022/01/10, 16:03:17.748, 3575385381893, vstest.console.dll, AssemblyResolver.AddSearchDirectories: Adding more searchDirectories C:\Program Files\dotnet\sdk\5.0.402\Extensions,C:\Program Files\dotnet\sdk\5.0.402
TpTrace Information: 0 : 22724, 1, 2022/01/10, 16:03:17.748, 3575385383707, vstest.console.dll, AssemblyResolver.AddSearchDirectories: Adding more searchDirectories C:\Program Files\dotnet\sdk\5.0.402\Extensions,C:\Program Files\dotnet\sdk\5.0.402
TpTrace Information: 0 : 22724, 1, 2022/01/10, 16:03:17.750, 3575385406762, vstest.console.dll, AssemblyResolver.OnResolve: Microsoft.Diagnostics.NETCore.Client: Resolving assembly.
TpTrace Information: 0 : 22724, 1, 2022/01/10, 16:03:17.751, 3575385410654, vstest.console.dll, AssemblyResolver.OnResolve: Microsoft.Diagnostics.NETCore.Client: Searching in: 'C:\Program Files\dotnet\sdk\5.0.402\Extensions'.
TpTrace Information: 0 : 22724, 1, 2022/01/10, 16:03:17.757, 3575385473504, vstest.console.dll, AssemblyResolver.OnResolve: Microsoft.Diagnostics.NETCore.Client: Loading assembly 'C:\Program Files\dotnet\sdk\5.0.402\Extensions\Microsoft.Diagnostics.NETCore.Client.dll'.
TpTrace Information: 0 : 22724, 1, 2022/01/10, 16:03:17.759, 3575385495986, vstest.console.dll, AssemblyResolver.OnResolve: Resolved assembly: Microsoft.Diagnostics.NETCore.Client, from path: C:\Program Files\dotnet\sdk\5.0.402\Extensions\Microsoft.Diagnostics.NETCore.Client.dll
TpTrace Information: 0 : 22724, 1, 2022/01/10, 16:03:17.767, 3575385569912, vstest.console.dll, AssemblyResolver.OnResolve: Microsoft.Bcl.AsyncInterfaces: Resolving assembly.
TpTrace Information: 0 : 22724, 1, 2022/01/10, 16:03:17.767, 3575385574981, vstest.console.dll, AssemblyResolver.OnResolve: Microsoft.Bcl.AsyncInterfaces: Searching in: 'C:\Program Files\dotnet\sdk\5.0.402\Extensions'.
TpTrace Information: 0 : 22724, 1, 2022/01/10, 16:03:17.768, 3575385581106, vstest.console.dll, AssemblyResolver.OnResolve: Microsoft.Bcl.AsyncInterfaces: Assembly path does not exist: 'C:\Program Files\dotnet\sdk\5.0.402\Extensions\Microsoft.Bcl.AsyncInterfaces.dll', returning.
TpTrace Information: 0 : 22724, 1, 2022/01/10, 16:03:17.768, 3575385583494, vstest.console.dll, AssemblyResolver.OnResolve: Microsoft.Bcl.AsyncInterfaces: Assembly path does not exist: 'C:\Program Files\dotnet\sdk\5.0.402\Extensions\Microsoft.Bcl.AsyncInterfaces.exe', returning.
TpTrace Information: 0 : 22724, 1, 2022/01/10, 16:03:17.768, 3575385584793, vstest.console.dll, AssemblyResolver.OnResolve: Microsoft.Bcl.AsyncInterfaces: Searching in: 'C:\Program Files\dotnet\sdk\5.0.402'.
TpTrace Information: 0 : 22724, 1, 2022/01/10, 16:03:17.768, 3575385586624, vstest.console.dll, AssemblyResolver.OnResolve: Microsoft.Bcl.AsyncInterfaces: Assembly path does not exist: 'C:\Program Files\dotnet\sdk\5.0.402\Microsoft.Bcl.AsyncInterfaces.dll', returning.
TpTrace Information: 0 : 22724, 1, 2022/01/10, 16:03:17.769, 3575385588553, vstest.console.dll, AssemblyResolver.OnResolve: Microsoft.Bcl.AsyncInterfaces: Assembly path does not exist: 'C:\Program Files\dotnet\sdk\5.0.402\Microsoft.Bcl.AsyncInterfaces.exe', returning.
TpTrace Information: 0 : 22724, 1, 2022/01/10, 16:03:17.769, 3575385590192, vstest.console.dll, AssemblyResolver.OnResolve: Microsoft.Bcl.AsyncInterfaces: Failed to load assembly.
TpTrace Verbose: 0 : 22724, 1, 2022/01/10, 16:03:17.769, 3575385591781, vstest.console.dll, CurrentDomainAssemblyResolve: Resolving assembly 'Microsoft.Bcl.AsyncInterfaces'.
TpTrace Information: 0 : 22724, 1, 2022/01/10, 16:03:17.769, 3575385593426, vstest.console.dll, AssemblyResolver.OnResolve: Microsoft.Bcl.AsyncInterfaces: Resolving assembly.
TpTrace Information: 0 : 22724, 1, 2022/01/10, 16:03:17.769, 3575385594564, vstest.console.dll, AssemblyResolver.OnResolve: Microsoft.Bcl.AsyncInterfaces: Resolved from cache.
TpTrace Verbose: 0 : 22724, 1, 2022/01/10, 16:03:17.769, 3575385595595, vstest.console.dll, CurrentDomainAssemblyResolve: Resolving assembly 'Microsoft.Bcl.AsyncInterfaces'.
TpTrace Verbose: 0 : 22724, 1, 2022/01/10, 16:03:17.769, 3575385596398, vstest.console.dll, CurrentDomainAssemblyResolve: Failed to resolve assembly 'Microsoft.Bcl.AsyncInterfaces'.
TpTrace Verbose: 0 : 22724, 1, 2022/01/10, 16:03:17.773, 3575385630120, vstest.console.dll, CurrentDomainAssemblyResolve: Failed to resolve assembly 'Microsoft.Bcl.AsyncInterfaces'.
TpTrace Warning: 0 : 22724, 1, 2022/01/10, 16:03:17.848, 3575386378671, vstest.console.dll, TestPluginDiscoverer: Failed to get types from assembly 'Microsoft.Diagnostics.NETCore.Client, Version=0.2.2.41902, Culture=neutral, PublicKeyToken=31bf3856ad364e35'.  Skipping test extension scan for this assembly.  Error: System.Reflection.ReflectionTypeLoadException: Unable to load one or more of the requested types.
Could not load file or assembly 'Microsoft.Bcl.AsyncInterfaces, Version=1.0.0.0, Culture=neutral, PublicKeyToken=cc7b13ffcd2ddd51'. The system cannot find the file specified.
   at System.Reflection.RuntimeModule.GetTypes(RuntimeModule module)
   at System.Reflection.RuntimeModule.GetTypes()
   at System.Reflection.Assembly.GetTypes()
   at Microsoft.VisualStudio.TestPlatform.Common.ExtensionFramework.TestPluginDiscoverer.GetTestExtensionsFromAssembly[TPluginInfo,TExtension](Assembly assembly, Dictionary`2 pluginInfos)
System.IO.FileNotFoundException: Could not load file or assembly 'Microsoft.Bcl.AsyncInterfaces, Version=1.0.0.0, Culture=neutral, PublicKeyToken=cc7b13ffcd2ddd51'. The system cannot find the file specified.
File name: 'Microsoft.Bcl.AsyncInterfaces, Version=1.0.0.0, Culture=neutral, PublicKeyToken=cc7b13ffcd2ddd51'
TpTrace Warning: 0 : 22724, 1, 2022/01/10, 16:03:17.848, 3575386382960, vstest.console.dll, LoaderExceptions: System.IO.FileNotFoundException: Could not load file or assembly 'Microsoft.Bcl.AsyncInterfaces, Version=1.0.0.0, Culture=neutral, PublicKeyToken=cc7b13ffcd2ddd51'. The system cannot find the file specified.
File name: 'Microsoft.Bcl.AsyncInterfaces, Version=1.0.0.0, Culture=neutral, PublicKeyToken=cc7b13ffcd2ddd51'
TpTrace Information: 0 : 22724, 1, 2022/01/10, 16:03:17.848, 3575386386178, vstest.console.dll, AssemblyResolver.OnResolve: Microsoft.TestPlatform.Extensions.BlameDataCollector: Resolving assembly.
TpTrace Information: 0 : 22724, 1, 2022/01/10, 16:03:17.849, 3575386387411, vstest.console.dll, AssemblyResolver.OnResolve: Microsoft.TestPlatform.Extensions.BlameDataCollector: Searching in: 'C:\Program Files\dotnet\sdk\5.0.402\Extensions'.
TpTrace Information: 0 : 22724, 1, 2022/01/10, 16:03:17.851, 3575386408602, vstest.console.dll, AssemblyResolver.OnResolve: Microsoft.TestPlatform.Extensions.BlameDataCollector: Loading assembly 'C:\Program Files\dotnet\sdk\5.0.402\Extensions\Microsoft.TestPlatform.Extensions.BlameDataCollector.dll'.
TpTrace Information: 0 : 22724, 1, 2022/01/10, 16:03:17.852, 3575386427233, vstest.console.dll, AssemblyResolver.OnResolve: Resolved assembly: Microsoft.TestPlatform.Extensions.BlameDataCollector, from path: C:\Program Files\dotnet\sdk\5.0.402\Extensions\Microsoft.TestPlatform.Extensions.BlameDataCollector.dll
TpTrace Information: 0 : 22724, 1, 2022/01/10, 16:03:17.855, 3575386448297, vstest.console.dll, AssemblyResolver.OnResolve: Microsoft.TestPlatform.Extensions.EventLogCollector: Resolving assembly.
TpTrace Information: 0 : 22724, 1, 2022/01/10, 16:03:17.855, 3575386450061, vstest.console.dll, AssemblyResolver.OnResolve: Microsoft.TestPlatform.Extensions.EventLogCollector: Searching in: 'C:\Program Files\dotnet\sdk\5.0.402\Extensions'.
TpTrace Information: 0 : 22724, 1, 2022/01/10, 16:03:17.856, 3575386458980, vstest.console.dll, AssemblyResolver.OnResolve: Microsoft.TestPlatform.Extensions.EventLogCollector: Loading assembly 'C:\Program Files\dotnet\sdk\5.0.402\Extensions\Microsoft.TestPlatform.Extensions.EventLogCollector.dll'.
TpTrace Information: 0 : 22724, 1, 2022/01/10, 16:03:17.857, 3575386468651, vstest.console.dll, AssemblyResolver.OnResolve: Resolved assembly: Microsoft.TestPlatform.Extensions.EventLogCollector, from path: C:\Program Files\dotnet\sdk\5.0.402\Extensions\Microsoft.TestPlatform.Extensions.EventLogCollector.dll
TpTrace Information: 0 : 22724, 1, 2022/01/10, 16:03:17.860, 3575386503949, vstest.console.dll, AssemblyResolver.OnResolve: Microsoft.TestPlatform.TestHostRuntimeProvider: Resolving assembly.
TpTrace Information: 0 : 22724, 1, 2022/01/10, 16:03:17.860, 3575386505706, vstest.console.dll, AssemblyResolver.OnResolve: Microsoft.TestPlatform.TestHostRuntimeProvider: Searching in: 'C:\Program Files\dotnet\sdk\5.0.402\Extensions'.
TpTrace Information: 0 : 22724, 1, 2022/01/10, 16:03:17.861, 3575386513078, vstest.console.dll, AssemblyResolver.OnResolve: Microsoft.TestPlatform.TestHostRuntimeProvider: Loading assembly 'C:\Program Files\dotnet\sdk\5.0.402\Extensions\Microsoft.TestPlatform.TestHostRuntimeProvider.dll'.
TpTrace Information: 0 : 22724, 1, 2022/01/10, 16:03:17.862, 3575386523785, vstest.console.dll, AssemblyResolver.OnResolve: Resolved assembly: Microsoft.TestPlatform.TestHostRuntimeProvider, from path: C:\Program Files\dotnet\sdk\5.0.402\Extensions\Microsoft.TestPlatform.TestHostRuntimeProvider.dll
TpTrace Information: 0 : 22724, 1, 2022/01/10, 16:03:17.864, 3575386541324, vstest.console.dll, AssemblyResolver.OnResolve: Microsoft.VisualStudio.TestPlatform.Extensions.Html.TestLogger: Resolving assembly.
TpTrace Information: 0 : 22724, 1, 2022/01/10, 16:03:17.864, 3575386542782, vstest.console.dll, AssemblyResolver.OnResolve: Microsoft.VisualStudio.TestPlatform.Extensions.Html.TestLogger: Searching in: 'C:\Program Files\dotnet\sdk\5.0.402\Extensions'.
TpTrace Information: 0 : 22724, 1, 2022/01/10, 16:03:17.865, 3575386550188, vstest.console.dll, AssemblyResolver.OnResolve: Microsoft.VisualStudio.TestPlatform.Extensions.Html.TestLogger: Loading assembly 'C:\Program Files\dotnet\sdk\5.0.402\Extensions\Microsoft.VisualStudio.TestPlatform.Extensions.Html.TestLogger.dll'.
TpTrace Information: 0 : 22724, 1, 2022/01/10, 16:03:17.865, 3575386557376, vstest.console.dll, AssemblyResolver.OnResolve: Resolved assembly: Microsoft.VisualStudio.TestPlatform.Extensions.Html.TestLogger, from path: C:\Program Files\dotnet\sdk\5.0.402\Extensions\Microsoft.VisualStudio.TestPlatform.Extensions.Html.TestLogger.dll
TpTrace Information: 0 : 22724, 1, 2022/01/10, 16:03:17.867, 3575386568038, vstest.console.dll, AssemblyResolver.OnResolve: Microsoft.VisualStudio.TestPlatform.Extensions.Trx.TestLogger: Resolving assembly.
TpTrace Information: 0 : 22724, 1, 2022/01/10, 16:03:17.867, 3575386570071, vstest.console.dll, AssemblyResolver.OnResolve: Microsoft.VisualStudio.TestPlatform.Extensions.Trx.TestLogger: Searching in: 'C:\Program Files\dotnet\sdk\5.0.402\Extensions'.
TpTrace Information: 0 : 22724, 1, 2022/01/10, 16:03:17.868, 3575386585428, vstest.console.dll, AssemblyResolver.OnResolve: Microsoft.VisualStudio.TestPlatform.Extensions.Trx.TestLogger: Loading assembly 'C:\Program Files\dotnet\sdk\5.0.402\Extensions\Microsoft.VisualStudio.TestPlatform.Extensions.Trx.TestLogger.dll'.
TpTrace Information: 0 : 22724, 1, 2022/01/10, 16:03:17.871, 3575386613271, vstest.console.dll, AssemblyResolver.OnResolve: Resolved assembly: Microsoft.VisualStudio.TestPlatform.Extensions.Trx.TestLogger, from path: C:\Program Files\dotnet\sdk\5.0.402\Extensions\Microsoft.VisualStudio.TestPlatform.Extensions.Trx.TestLogger.dll
TpTrace Verbose: 0 : 22724, 1, 2022/01/10, 16:03:17.872, 3575386624208, vstest.console.dll, TestPluginCache: Discovered the extensions using extension path ''.
TpTrace Verbose: 0 : 22724, 1, 2022/01/10, 16:03:17.872, 3575386626065, vstest.console.dll, TestPluginCache: Discoverers are ''.
TpTrace Verbose: 0 : 22724, 1, 2022/01/10, 16:03:17.872, 3575386626715, vstest.console.dll, TestPluginCache: Executors are ''.
TpTrace Verbose: 0 : 22724, 1, 2022/01/10, 16:03:17.872, 3575386627271, vstest.console.dll, TestPluginCache: Executors2 are ''.
TpTrace Verbose: 0 : 22724, 1, 2022/01/10, 16:03:17.873, 3575386627827, vstest.console.dll, TestPluginCache: Setting providers are ''.
TpTrace Verbose: 0 : 22724, 1, 2022/01/10, 16:03:17.873, 3575386628463, vstest.console.dll, TestPluginCache: Loggers are ''.
TpTrace Information: 0 : 22724, 1, 2022/01/10, 16:03:17.880, 3575386698424, vstest.console.dll, RunTestsArgumentProcessor:Execute: Test run is starting.
TpTrace Verbose: 0 : 22724, 1, 2022/01/10, 16:03:17.880, 3575386700408, vstest.console.dll, RunTestsArgumentProcessor:Execute: Queuing Test run.
TpTrace Information: 0 : 22724, 1, 2022/01/10, 16:03:17.880, 3575386703433, vstest.console.dll, TestRequestManager.RunTests: run tests started.
TpTrace Information: 0 : 22724, 1, 2022/01/10, 16:03:17.889, 3575386793875, vstest.console.dll, AssemblyMetadataProvider.GetFrameWork: Determined framework:'.NETCoreApp,Version=v5.0' for source: 'C:\Users\Armin\Documents\GitHub\Grupa-3-Verifikovani-i-Validirani-Softverasi\Zadaća 4\SeleniumTest\bin\Debug\net5.0\fine-code-coverage\build-output\SeleniumTest.dll'
TpTrace Information: 0 : 22724, 1, 2022/01/10, 16:03:17.889, 3575386797303, vstest.console.dll, Determined framework for all sources: .NETCoreApp,Version=v5.0
TpTrace Information: 0 : 22724, 1, 2022/01/10, 16:03:17.890, 3575386804565, vstest.console.dll, AssemblyMetadataProvider.GetArchitecture: Determined architecture:AnyCPU info for assembly: C:\Users\Armin\Documents\GitHub\Grupa-3-Verifikovani-i-Validirani-Softverasi\Zadaća 4\SeleniumTest\bin\Debug\net5.0\fine-code-coverage\build-output\SeleniumTest.dll
TpTrace Information: 0 : 22724, 1, 2022/01/10, 16:03:17.893, 3575386832124, vstest.console.dll, Determined platform for all sources: X64
TpTrace Information: 0 : 22724, 1, 2022/01/10, 16:03:17.897, 3575386870821, vstest.console.dll, Compatible sources list : 
TpTrace Information: 0 : 22724, 1, 2022/01/10, 16:03:17.897, 3575386872900, vstest.console.dll, C:\Users\Armin\Documents\GitHub\Grupa-3-Verifikovani-i-Validirani-Softverasi\Zadaća 4\SeleniumTest\bin\Debug\net5.0\fine-code-coverage\build-output\SeleniumTest.dll
TpTrace Information: 0 : 22724, 1, 2022/01/10, 16:03:17.906, 3575386959739, vstest.console.dll, InferRunSettingsHelper.IsTestSettingsEnabled: Unable to navigate to RunSettings/MSTest. Current node: RunSettings
TpTrace Information: 0 : 22724, 1, 2022/01/10, 16:03:17.907, 3575386971549, vstest.console.dll, AssemblyResolver.OnResolve: Microsoft.VisualStudio.TestPlatform.Fakes: Resolving assembly.
TpTrace Information: 0 : 22724, 1, 2022/01/10, 16:03:17.907, 3575386973749, vstest.console.dll, AssemblyResolver.OnResolve: Microsoft.VisualStudio.TestPlatform.Fakes: Searching in: 'C:\Program Files\dotnet\sdk\5.0.402\Extensions'.
TpTrace Information: 0 : 22724, 1, 2022/01/10, 16:03:17.907, 3575386976653, vstest.console.dll, AssemblyResolver.OnResolve: Microsoft.VisualStudio.TestPlatform.Fakes: Assembly path does not exist: 'C:\Program Files\dotnet\sdk\5.0.402\Extensions\Microsoft.VisualStudio.TestPlatform.Fakes.dll', returning.
TpTrace Information: 0 : 22724, 1, 2022/01/10, 16:03:17.908, 3575386979526, vstest.console.dll, AssemblyResolver.OnResolve: Microsoft.VisualStudio.TestPlatform.Fakes: Assembly path does not exist: 'C:\Program Files\dotnet\sdk\5.0.402\Extensions\Microsoft.VisualStudio.TestPlatform.Fakes.exe', returning.
TpTrace Information: 0 : 22724, 1, 2022/01/10, 16:03:17.908, 3575386980997, vstest.console.dll, AssemblyResolver.OnResolve: Microsoft.VisualStudio.TestPlatform.Fakes: Searching in: 'C:\Program Files\dotnet\sdk\5.0.402'.
TpTrace Information: 0 : 22724, 1, 2022/01/10, 16:03:17.908, 3575386982705, vstest.console.dll, AssemblyResolver.OnResolve: Microsoft.VisualStudio.TestPlatform.Fakes: Assembly path does not exist: 'C:\Program Files\dotnet\sdk\5.0.402\Microsoft.VisualStudio.TestPlatform.Fakes.dll', returning.
TpTrace Information: 0 : 22724, 1, 2022/01/10, 16:03:17.908, 3575386984107, vstest.console.dll, AssemblyResolver.OnResolve: Microsoft.VisualStudio.TestPlatform.Fakes: Assembly path does not exist: 'C:\Program Files\dotnet\sdk\5.0.402\Microsoft.VisualStudio.TestPlatform.Fakes.exe', returning.
TpTrace Information: 0 : 22724, 1, 2022/01/10, 16:03:17.908, 3575386984803, vstest.console.dll, AssemblyResolver.OnResolve: Microsoft.VisualStudio.TestPlatform.Fakes: Failed to load assembly.
TpTrace Information: 0 : 22724, 1, 2022/01/10, 16:03:17.910, 3575387000635, vstest.console.dll, Failed to create newly implemented Fakes Configurator. Reason:System.IO.FileNotFoundException: Could not load file or assembly 'Microsoft.VisualStudio.TestPlatform.Fakes, Version=16.0.0.0, Culture=neutral, PublicKeyToken=null'. The system cannot find the file specified.
File name: 'Microsoft.VisualStudio.TestPlatform.Fakes, Version=16.0.0.0, Culture=neutral, PublicKeyToken=null'
   at System.Reflection.RuntimeAssembly.InternalLoad(ObjectHandleOnStack assemblyName, ObjectHandleOnStack requestingAssembly, StackCrawlMarkHandle stackMark, Boolean throwOnFileNotFound, ObjectHandleOnStack assemblyLoadContext, ObjectHandleOnStack retAssembly)
   at System.Reflection.RuntimeAssembly.InternalLoad(AssemblyName assemblyName, RuntimeAssembly requestingAssembly, StackCrawlMark& stackMark, Boolean throwOnFileNotFound, AssemblyLoadContext assemblyLoadContext)
   at System.Reflection.Assembly.Load(AssemblyName assemblyRef)
   at Microsoft.VisualStudio.TestPlatform.Common.Utilities.FakesUtilities.TryGetFakesCrossPlatformDataCollectorConfigurator() 
TpTrace Verbose: 0 : 22724, 1, 2022/01/10, 16:03:17.921, 3575387110299, vstest.console.dll, TestPluginCache.DiscoverTestExtensions: finding test extensions in assemblies ends with: TestLogger.dll TPluginInfo: Microsoft.VisualStudio.TestPlatform.Common.ExtensionFramework.Utilities.TestLoggerPluginInformation TExtension: Microsoft.VisualStudio.TestPlatform.ObjectModel.Client.ITestLogger
TpTrace Verbose: 0 : 22724, 1, 2022/01/10, 16:03:17.921, 3575387112384, vstest.console.dll, TestPluginCache.GetExtensionPaths: Filtered extension paths: 
TpTrace Verbose: 0 : 22724, 1, 2022/01/10, 16:03:17.921, 3575387113129, vstest.console.dll, TestPluginCache.GetExtensionPaths: Added default extension paths: C:\Program Files\dotnet\sdk\5.0.402\Extensions\Microsoft.Diagnostics.NETCore.Client.dll
C:\Program Files\dotnet\sdk\5.0.402\Extensions\Microsoft.TestPlatform.Extensions.BlameDataCollector.dll
C:\Program Files\dotnet\sdk\5.0.402\Extensions\Microsoft.TestPlatform.Extensions.EventLogCollector.dll
C:\Program Files\dotnet\sdk\5.0.402\Extensions\Microsoft.TestPlatform.TestHostRuntimeProvider.dll
C:\Program Files\dotnet\sdk\5.0.402\Extensions\Microsoft.VisualStudio.TestPlatform.Extensions.Html.TestLogger.dll
C:\Program Files\dotnet\sdk\5.0.402\Extensions\Microsoft.VisualStudio.TestPlatform.Extensions.Trx.TestLogger.dll
TpTrace Verbose: 0 : 22724, 1, 2022/01/10, 16:03:17.921, 3575387113827, vstest.console.dll, TestPluginCache.GetExtensionPaths: Added unfilterableExtensionPaths: 
TpTrace Information: 0 : 22724, 1, 2022/01/10, 16:03:17.921, 3575387116568, vstest.console.dll, AssemblyResolver.AddSearchDirectories: Adding more searchDirectories C:\Program Files\dotnet\sdk\5.0.402\Extensions,C:\Program Files\dotnet\sdk\5.0.402
TpTrace Verbose: 0 : 22724, 1, 2022/01/10, 16:03:17.922, 3575387117778, vstest.console.dll, TestPluginCache.DiscoverTestExtensions: Discovering the extensions using extension path.
TpTrace Verbose: 0 : 22724, 1, 2022/01/10, 16:03:17.922, 3575387118524, vstest.console.dll, TestPluginCache.GetExtensionPaths: Filtered extension paths: 
TpTrace Verbose: 0 : 22724, 1, 2022/01/10, 16:03:17.922, 3575387119356, vstest.console.dll, TestPluginCache.GetExtensionPaths: Added default extension paths: C:\Program Files\dotnet\sdk\5.0.402\Extensions\Microsoft.Diagnostics.NETCore.Client.dll
C:\Program Files\dotnet\sdk\5.0.402\Extensions\Microsoft.TestPlatform.Extensions.BlameDataCollector.dll
C:\Program Files\dotnet\sdk\5.0.402\Extensions\Microsoft.TestPlatform.Extensions.EventLogCollector.dll
C:\Program Files\dotnet\sdk\5.0.402\Extensions\Microsoft.TestPlatform.TestHostRuntimeProvider.dll
C:\Program Files\dotnet\sdk\5.0.402\Extensions\Microsoft.VisualStudio.TestPlatform.Extensions.Html.TestLogger.dll
C:\Program Files\dotnet\sdk\5.0.402\Extensions\Microsoft.VisualStudio.TestPlatform.Extensions.Trx.TestLogger.dll
TpTrace Verbose: 0 : 22724, 1, 2022/01/10, 16:03:17.922, 3575387120620, vstest.console.dll, TestPluginCache.GetExtensionPaths: Added unfilterableExtensionPaths: 
TpTrace Verbose: 0 : 22724, 1, 2022/01/10, 16:03:17.922, 3575387121696, vstest.console.dll, TestPluginCache.DiscoverTestExtensions: Discovering the extensions using allExtensionPaths: C:\Program Files\dotnet\sdk\5.0.402\Extensions\Microsoft.Diagnostics.NETCore.Client.dll
C:\Program Files\dotnet\sdk\5.0.402\Extensions\Microsoft.TestPlatform.Extensions.BlameDataCollector.dll
C:\Program Files\dotnet\sdk\5.0.402\Extensions\Microsoft.TestPlatform.Extensions.EventLogCollector.dll
C:\Program Files\dotnet\sdk\5.0.402\Extensions\Microsoft.TestPlatform.TestHostRuntimeProvider.dll
C:\Program Files\dotnet\sdk\5.0.402\Extensions\Microsoft.VisualStudio.TestPlatform.Extensions.Html.TestLogger.dll
C:\Program Files\dotnet\sdk\5.0.402\Extensions\Microsoft.VisualStudio.TestPlatform.Extensions.Trx.TestLogger.dll
TpTrace Information: 0 : 22724, 1, 2022/01/10, 16:03:17.922, 3575387123069, vstest.console.dll, AssemblyResolver.AddSearchDirectories: Adding more searchDirectories C:\Program Files\dotnet\sdk\5.0.402\Extensions,C:\Program Files\dotnet\sdk\5.0.402
TpTrace Information: 0 : 22724, 1, 2022/01/10, 16:03:17.922, 3575387123759, vstest.console.dll, AssemblyResolver.AddSearchDirectories: Adding more searchDirectories C:\Program Files\dotnet\sdk\5.0.402\Extensions,C:\Program Files\dotnet\sdk\5.0.402
TpTrace Information: 0 : 22724, 1, 2022/01/10, 16:03:17.922, 3575387124344, vstest.console.dll, AssemblyResolver.AddSearchDirectories: Adding more searchDirectories C:\Program Files\dotnet\sdk\5.0.402\Extensions,C:\Program Files\dotnet\sdk\5.0.402
TpTrace Information: 0 : 22724, 1, 2022/01/10, 16:03:17.922, 3575387125098, vstest.console.dll, AssemblyResolver.AddSearchDirectories: Adding more searchDirectories C:\Program Files\dotnet\sdk\5.0.402\Extensions,C:\Program Files\dotnet\sdk\5.0.402
TpTrace Information: 0 : 22724, 1, 2022/01/10, 16:03:17.922, 3575387125677, vstest.console.dll, AssemblyResolver.AddSearchDirectories: Adding more searchDirectories C:\Program Files\dotnet\sdk\5.0.402\Extensions,C:\Program Files\dotnet\sdk\5.0.402
TpTrace Information: 0 : 22724, 1, 2022/01/10, 16:03:17.922, 3575387126249, vstest.console.dll, AssemblyResolver.AddSearchDirectories: Adding more searchDirectories C:\Program Files\dotnet\sdk\5.0.402\Extensions,C:\Program Files\dotnet\sdk\5.0.402
TpTrace Information: 0 : 22724, 1, 2022/01/10, 16:03:17.923, 3575387130495, vstest.console.dll, AssemblyResolver.OnResolve: Microsoft.Bcl.AsyncInterfaces: Resolving assembly.
TpTrace Information: 0 : 22724, 1, 2022/01/10, 16:03:17.923, 3575387131791, vstest.console.dll, AssemblyResolver.OnResolve: Microsoft.Bcl.AsyncInterfaces: Resolved from cache.
TpTrace Verbose: 0 : 22724, 1, 2022/01/10, 16:03:17.923, 3575387132492, vstest.console.dll, CurrentDomainAssemblyResolve: Resolving assembly 'Microsoft.Bcl.AsyncInterfaces'.
TpTrace Information: 0 : 22724, 1, 2022/01/10, 16:03:17.923, 3575387133515, vstest.console.dll, AssemblyResolver.OnResolve: Microsoft.Bcl.AsyncInterfaces: Resolving assembly.
TpTrace Information: 0 : 22724, 1, 2022/01/10, 16:03:17.923, 3575387134529, vstest.console.dll, AssemblyResolver.OnResolve: Microsoft.Bcl.AsyncInterfaces: Resolved from cache.
TpTrace Verbose: 0 : 22724, 1, 2022/01/10, 16:03:17.923, 3575387135334, vstest.console.dll, CurrentDomainAssemblyResolve: Resolving assembly 'Microsoft.Bcl.AsyncInterfaces'.
TpTrace Verbose: 0 : 22724, 1, 2022/01/10, 16:03:17.923, 3575387135924, vstest.console.dll, CurrentDomainAssemblyResolve: Failed to resolve assembly 'Microsoft.Bcl.AsyncInterfaces'.
TpTrace Verbose: 0 : 22724, 1, 2022/01/10, 16:03:17.924, 3575387138391, vstest.console.dll, CurrentDomainAssemblyResolve: Failed to resolve assembly 'Microsoft.Bcl.AsyncInterfaces'.
TpTrace Warning: 0 : 22724, 1, 2022/01/10, 16:03:17.924, 3575387142961, vstest.console.dll, TestPluginDiscoverer: Failed to get types from assembly 'Microsoft.Diagnostics.NETCore.Client, Version=0.2.2.41902, Culture=neutral, PublicKeyToken=31bf3856ad364e35'.  Skipping test extension scan for this assembly.  Error: System.Reflection.ReflectionTypeLoadException: Unable to load one or more of the requested types.
Could not load file or assembly 'Microsoft.Bcl.AsyncInterfaces, Version=1.0.0.0, Culture=neutral, PublicKeyToken=cc7b13ffcd2ddd51'. The system cannot find the file specified.
   at System.Reflection.RuntimeModule.GetTypes(RuntimeModule module)
   at System.Reflection.RuntimeModule.GetTypes()
   at System.Reflection.Assembly.GetTypes()
   at Microsoft.VisualStudio.TestPlatform.Common.ExtensionFramework.TestPluginDiscoverer.GetTestExtensionsFromAssembly[TPluginInfo,TExtension](Assembly assembly, Dictionary`2 pluginInfos)
System.IO.FileNotFoundException: Could not load file or assembly 'Microsoft.Bcl.AsyncInterfaces, Version=1.0.0.0, Culture=neutral, PublicKeyToken=cc7b13ffcd2ddd51'. The system cannot find the file specified.
File name: 'Microsoft.Bcl.AsyncInterfaces, Version=1.0.0.0, Culture=neutral, PublicKeyToken=cc7b13ffcd2ddd51'
TpTrace Warning: 0 : 22724, 1, 2022/01/10, 16:03:17.924, 3575387144040, vstest.console.dll, LoaderExceptions: System.IO.FileNotFoundException: Could not load file or assembly 'Microsoft.Bcl.AsyncInterfaces, Version=1.0.0.0, Culture=neutral, PublicKeyToken=cc7b13ffcd2ddd51'. The system cannot find the file specified.
File name: 'Microsoft.Bcl.AsyncInterfaces, Version=1.0.0.0, Culture=neutral, PublicKeyToken=cc7b13ffcd2ddd51'
TpTrace Verbose: 0 : 22724, 1, 2022/01/10, 16:03:17.925, 3575387149412, vstest.console.dll, TestPluginCache: Discovered the extensions using extension path ''.
TpTrace Verbose: 0 : 22724, 1, 2022/01/10, 16:03:17.925, 3575387150403, vstest.console.dll, TestPluginCache: Discoverers are ''.
TpTrace Verbose: 0 : 22724, 1, 2022/01/10, 16:03:17.925, 3575387150959, vstest.console.dll, TestPluginCache: Executors are ''.
TpTrace Verbose: 0 : 22724, 1, 2022/01/10, 16:03:17.925, 3575387151470, vstest.console.dll, TestPluginCache: Executors2 are ''.
TpTrace Verbose: 0 : 22724, 1, 2022/01/10, 16:03:17.925, 3575387151986, vstest.console.dll, TestPluginCache: Setting providers are ''.
TpTrace Verbose: 0 : 22724, 1, 2022/01/10, 16:03:17.925, 3575387153089, vstest.console.dll, TestPluginCache: Loggers are 'logger://Microsoft/TestPlatform/Extensions/Blame/v1,logger://Microsoft/TestPlatform/HtmlLogger/v1,logger://Microsoft/TestPlatform/TrxLogger/v1'.
TpTrace Information: 0 : 22724, 1, 2022/01/10, 16:03:17.926, 3575387162465, vstest.console.dll, TestPluginManager.CreateTestExtension: Attempting to load test extension: Microsoft.TestPlatform.Extensions.BlameDataCollector.BlameLogger
TpTrace Information: 0 : 22724, 1, 2022/01/10, 16:03:17.944, 3575387338710, vstest.console.dll, TestPluginManager.CreateTestExtension: Attempting to load test extension: Microsoft.VisualStudio.TestPlatform.CrossPlatEngine.Hosting.DefaultTestHostManager
TpTrace Information: 0 : 22724, 1, 2022/01/10, 16:03:17.944, 3575387344230, vstest.console.dll, TestPluginManager.CreateTestExtension: Attempting to load test extension: Microsoft.VisualStudio.TestPlatform.CrossPlatEngine.Hosting.DotnetTestHostManager
TpTrace Verbose: 0 : 22724, 1, 2022/01/10, 16:03:17.945, 3575387355198, vstest.console.dll, TestEngine: Initializing Parallel Execution as MaxCpuCount is set to: 1
TpTrace Information: 0 : 22724, 1, 2022/01/10, 16:03:17.947, 3575387370536, vstest.console.dll, InferRunSettingsHelper.IsTestSettingsEnabled: Unable to navigate to RunSettings/MSTest. Current node: RunSettings
TpTrace Verbose: 0 : 22724, 1, 2022/01/10, 16:03:17.981, 3575387710574, vstest.console.dll, TestRequestSender is acting as server
TpTrace Verbose: 0 : 22724, 4, 2022/01/10, 16:03:17.987, 3575387773369, vstest.console.dll, DataCollectionRequestSender.InitializeCommunication : Initialize communication. 
TpTrace Information: 0 : 22724, 4, 2022/01/10, 16:03:18.006, 3575387964231, vstest.console.dll, Listening on Endpoint : 127.0.0.1:18500
TpTrace Verbose: 0 : 22724, 4, 2022/01/10, 16:03:18.026, 3575388167048, vstest.console.dll, DotnetDataCollectionLauncher: Full path of dotnet.exe is C:\Program Files\dotnet\dotnet.exe
TpTrace Verbose: 0 : 22724, 4, 2022/01/10, 16:03:18.027, 3575388172167, vstest.console.dll, DotnetDataCollectionLauncher: Adding  --runtimeconfig "C:\Program Files\dotnet\sdk\5.0.402\datacollector.runtimeconfig.json" in args
TpTrace Verbose: 0 : 22724, 4, 2022/01/10, 16:03:18.027, 3575388174678, vstest.console.dll, DotnetDataCollectionLauncher: Adding  --depsfile "C:\Program Files\dotnet\sdk\5.0.402\datacollector.deps.json" in args
TpTrace Information: 0 : 22724, 4, 2022/01/10, 16:03:18.052, 3575388422651, vstest.console.dll, ProxyDataCollectionManager.Initialize: Launched datacollector processId: 24856 port: 18500
TpTrace Information: 0 : 22724, 4, 2022/01/10, 16:03:18.053, 3575388430086, vstest.console.dll, ProxyDataCollectionManager.Initialize: waiting for connection with timeout: 90 seconds
TpTrace Verbose: 0 : 22724, 4, 2022/01/10, 16:03:18.054, 3575388440193, vstest.console.dll, DataCollectionRequestSender.WaitForRequestHandlerConnection : Waiting for connection with timeout: 90000
TpTrace Information: 0 : 22724, 7, 2022/01/10, 16:03:18.469, 3575392594628, vstest.console.dll, Using the buffer size of 16384 bytes
TpTrace Verbose: 0 : 22724, 4, 2022/01/10, 16:03:18.469, 3575392596042, vstest.console.dll, ProxyDataCollectionManager.InvokeDataCollectionServiceAction: Starting.
TpTrace Information: 0 : 22724, 7, 2022/01/10, 16:03:18.470, 3575392597625, vstest.console.dll, Accepted Client request and set the flag
TpTrace Information: 0 : 22724, 4, 2022/01/10, 16:03:18.470, 3575392600071, vstest.console.dll, ProxyDataCollectionManager.BeforeTestRunStart: Get environment variable and port for datacollector processId: 24856 port: 18500
TpTrace Verbose: 0 : 22724, 4, 2022/01/10, 16:03:18.470, 3575392604098, vstest.console.dll, DataCollectionRequestSender.SendBeforeTestRunStartAndGetResult : Send BeforeTestRunStart message with settingsXml <RunSettings><RunConfiguration><ResultsDirectory>C:\Users\Armin\Documents\GitHub\Grupa-3-Verifikovani-i-Validirani-Softverasi\Zadaća 4\SeleniumTest\bin\Debug\net5.0\fine-code-coverage\coverage-tool-output</ResultsDirectory><TargetPlatform>X64</TargetPlatform><TargetFrameworkVersion>.NETCoreApp,Version=v5.0</TargetFrameworkVersion><DesignMode>False</DesignMode><CollectSourceInformation>False</CollectSourceInformation><TestAdaptersPaths>C:\Program Files\dotnet\sdk\5.0.402\Extensions</TestAdaptersPaths></RunConfiguration><LoggerRunSettings><Loggers><Logger friendlyName="blame" enabled="True" /><Logger friendlyName="Console" uri="logger://microsoft/TestPlatform/ConsoleLogger/v1" assemblyQualifiedName="Microsoft.VisualStudio.TestPlatform.CommandLine.Internal.ConsoleLogger, vstest.console, Version=15.0.0.0, Culture=neutral, PublicKeyToken=b03f5f7f11d50a3a" codeBase="C:\Program Files\dotnet\sdk\5.0.402\vstest.console.dll" enabled="True" /></Loggers></LoggerRunSettings><DataCollectionRunSettings><DataCollectors><DataCollector friendlyName="blame" enabled="True"><Configuration><ResultsDirectory>C:\Users\Armin\Documents\GitHub\Grupa-3-Verifikovani-i-Validirani-Softverasi\Zadaća 4\SeleniumTest\bin\Debug\net5.0\fine-code-coverage\coverage-tool-output</ResultsDirectory></Configuration></DataCollector></DataCollectors></DataCollectionRunSettings></RunSettings> and sources System.Linq.Enumerable+Concat2Iterator`1[System.String]: 
TpTrace Verbose: 0 : 22724, 4, 2022/01/10, 16:03:18.699, 3575394889628, vstest.console.dll, DataCollectionRequestSender.SendBeforeTestRunStartAndGetResult : Received message: (DataCollection.SendMessage) -> {
  "FriendlyName": null,
  "Uri": null,
  "TestCaseId": "00000000-0000-0000-0000-000000000000",
  "Message": "Logging DataCollector Diagnostics in file: C:\\Users\\Armin\\Documents\\GitHub\\Grupa-3-Verifikovani-i-Validirani-Softverasi\\Zadaća 4\\SeleniumTest\\bin\\Debug\\net5.0\\fine-code-coverage\\coverage-tool-output\\diagnostics.datacollector.22-01-10_16-03-18_01725_4.log",
  "Level": 0
}
TpTrace Verbose: 0 : 22724, 4, 2022/01/10, 16:03:18.933, 3575397234657, vstest.console.dll, DataCollectionRequestSender.SendBeforeTestRunStartAndGetResult : Received message: (DataCollection.BeforeTestRunStartResult) -> {
  "EnvironmentVariables": {},
  "DataCollectionEventsPort": 18503
}
TpTrace Information: 0 : 22724, 4, 2022/01/10, 16:03:18.944, 3575397338892, vstest.console.dll, ProxyDataCollectionManager.BeforeTestRunStart: SendBeforeTestRunStartAndGetResult successful, env variable from datacollector:   and testhost port: 18503
TpTrace Information: 0 : 22724, 4, 2022/01/10, 16:03:18.944, 3575397341554, vstest.console.dll, ProxyDataCollectionManager.InvokeDataCollectionServiceAction: Completed.
TpTrace Verbose: 0 : 22724, 1, 2022/01/10, 16:03:18.944, 3575397344145, vstest.console.dll, TestRunRequest.ExecuteAsync: Creating test run request.
TpTrace Verbose: 0 : 22724, 1, 2022/01/10, 16:03:18.945, 3575397348877, vstest.console.dll, TestRunRequest.ExecuteAsync: Starting.
TpTrace Information: 0 : 22724, 1, 2022/01/10, 16:03:18.945, 3575397353157, vstest.console.dll, TestRunRequest.ExecuteAsync: Starting run with settings:TestRunCriteria:
   KeepAlive=False,FrequencyOfRunStatsChangeEvent=10,RunStatsChangeEventTimeout=00:00:01.5000000,TestCaseFilter=,TestExecutorLauncher=
   Settingsxml=<RunSettings>
  <RunConfiguration>
    <ResultsDirectory>C:\Users\Armin\Documents\GitHub\Grupa-3-Verifikovani-i-Validirani-Softverasi\Zadaća 4\SeleniumTest\bin\Debug\net5.0\fine-code-coverage\coverage-tool-output</ResultsDirectory>
    <TargetPlatform>X64</TargetPlatform>
    <TargetFrameworkVersion>.NETCoreApp,Version=v5.0</TargetFrameworkVersion>
    <DesignMode>False</DesignMode>
    <CollectSourceInformation>False</CollectSourceInformation>
  </RunConfiguration>
  <LoggerRunSettings>
    <Loggers>
      <Logger friendlyName="blame" enabled="True" />
      <Logger friendlyName="Console" uri="logger://microsoft/TestPlatform/ConsoleLogger/v1" assemblyQualifiedName="Microsoft.VisualStudio.TestPlatform.CommandLine.Internal.ConsoleLogger, vstest.console, Version=15.0.0.0, Culture=neutral, PublicKeyToken=b03f5f7f11d50a3a" codeBase="C:\Program Files\dotnet\sdk\5.0.402\vstest.console.dll" enabled="True" />
    </Loggers>
  </LoggerRunSettings>
  <DataCollectionRunSettings>
    <DataCollectors>
      <DataCollector friendlyName="blame" enabled="True">
        <Configuration>
          <ResultsDirectory>C:\Users\Armin\Documents\GitHub\Grupa-3-Verifikovani-i-Validirani-Softverasi\Zadaća 4\SeleniumTest\bin\Debug\net5.0\fine-code-coverage\coverage-tool-output</ResultsDirectory>
        </Configuration>
      </DataCollector>
    </DataCollectors>
  </DataCollectionRunSettings>
</RunSettings>

TpTrace Verbose: 0 : 22724, 1, 2022/01/10, 16:03:18.945, 3575397354343, vstest.console.dll, TestRunRequest.ExecuteAsync: Wait for the first run request is over.
TpTrace Verbose: 0 : 22724, 1, 2022/01/10, 16:03:18.946, 3575397360860, vstest.console.dll, ParallelProxyExecutionManager: Start execution. Total sources: 1
TpTrace Information: 0 : 22724, 1, 2022/01/10, 16:03:18.947, 3575397373632, vstest.console.dll, ProxyParallelExecutionManager: Triggering test run for next source: C:\Users\Armin\Documents\GitHub\Grupa-3-Verifikovani-i-Validirani-Softverasi\Zadaća 4\SeleniumTest\bin\Debug\net5.0\fine-code-coverage\build-output\SeleniumTest.dll
TpTrace Verbose: 0 : 22724, 4, 2022/01/10, 16:03:18.948, 3575397377994, vstest.console.dll, ParallelProxyExecutionManager: Execution started. Started clients: 1
TpTrace Verbose: 0 : 22724, 1, 2022/01/10, 16:03:18.948, 3575397379042, vstest.console.dll, ProxyParallelExecutionManager: No sources available for execution.
TpTrace Information: 0 : 22724, 1, 2022/01/10, 16:03:18.948, 3575397382741, vstest.console.dll, TestRunRequest.ExecuteAsync: Started.
TpTrace Verbose: 0 : 22724, 1, 2022/01/10, 16:03:18.948, 3575397385350, vstest.console.dll, TestRunRequest.WaitForCompletion: Waiting with timeout -1.
TpTrace Verbose: 0 : 22724, 4, 2022/01/10, 16:03:18.948, 3575397386983, vstest.console.dll, TestRunRequest:SendTestRunMessage: Starting.
TpTrace Information: 0 : 22724, 4, 2022/01/10, 16:03:18.949, 3575397389955, vstest.console.dll, TestRunRequest:SendTestRunMessage: Completed.
TpTrace Verbose: 0 : 22724, 4, 2022/01/10, 16:03:18.949, 3575397397196, vstest.console.dll, ProxyExecutionManager: Test host is always Lazy initialize.
TpTrace Verbose: 0 : 22724, 4, 2022/01/10, 16:03:18.950, 3575397407279, vstest.console.dll, TestRequestSender.InitializeCommunication: initialize communication. 
TpTrace Information: 0 : 22724, 4, 2022/01/10, 16:03:18.953, 3575397434323, vstest.console.dll, SocketServer.Start: Listening on endpoint : 127.0.0.1:18505
TpTrace Verbose: 0 : 22724, 4, 2022/01/10, 16:03:18.955, 3575397453737, vstest.console.dll, DotnetTestHostmanager: Adding  --runtimeconfig "C:\Users\Armin\Documents\GitHub\Grupa-3-Verifikovani-i-Validirani-Softverasi\Zadaća 4\SeleniumTest\bin\Debug\net5.0\fine-code-coverage\build-output\SeleniumTest.runtimeconfig.json" in args
TpTrace Verbose: 0 : 22724, 4, 2022/01/10, 16:03:18.955, 3575397457293, vstest.console.dll, DotnetTestHostmanager: Adding  --depsfile "C:\Users\Armin\Documents\GitHub\Grupa-3-Verifikovani-i-Validirani-Softverasi\Zadaća 4\SeleniumTest\bin\Debug\net5.0\fine-code-coverage\build-output\SeleniumTest.deps.json" in args
TpTrace Verbose: 0 : 22724, 4, 2022/01/10, 16:03:18.956, 3575397460974, vstest.console.dll, DotnetTestHostManager: Testhost.exe/testhost.x86.exe found at path: C:\Users\Armin\Documents\GitHub\Grupa-3-Verifikovani-i-Validirani-Softverasi\Zadaća 4\SeleniumTest\bin\Debug\net5.0\fine-code-coverage\build-output\testhost.exe
TpTrace Verbose: 0 : 22724, 4, 2022/01/10, 16:03:18.956, 3575397462066, vstest.console.dll, DotnetTestHostmanager: Full path of host exe is C:\Users\Armin\Documents\GitHub\Grupa-3-Verifikovani-i-Validirani-Softverasi\Zadaća 4\SeleniumTest\bin\Debug\net5.0\fine-code-coverage\build-output\testhost.exe
TpTrace Verbose: 0 : 22724, 6, 2022/01/10, 16:03:18.958, 3575397479029, vstest.console.dll, DotnetTestHostManager: Starting process 'C:\Users\Armin\Documents\GitHub\Grupa-3-Verifikovani-i-Validirani-Softverasi\Zadaća 4\SeleniumTest\bin\Debug\net5.0\fine-code-coverage\build-output\testhost.exe' with command line ' --runtimeconfig "C:\Users\Armin\Documents\GitHub\Grupa-3-Verifikovani-i-Validirani-Softverasi\Zadaća 4\SeleniumTest\bin\Debug\net5.0\fine-code-coverage\build-output\SeleniumTest.runtimeconfig.json" --depsfile "C:\Users\Armin\Documents\GitHub\Grupa-3-Verifikovani-i-Validirani-Softverasi\Zadaća 4\SeleniumTest\bin\Debug\net5.0\fine-code-coverage\build-output\SeleniumTest.deps.json" --port 18505 --endpoint 127.0.0.1:018505 --role client --parentprocessid 22724 --diag "C:\Users\Armin\Documents\GitHub\Grupa-3-Verifikovani-i-Validirani-Softverasi\Zadaća 4\SeleniumTest\bin\Debug\net5.0\fine-code-coverage\coverage-tool-output\diagnostics.host.22-01-10_16-03-18_95481_4.log" --tracelevel 4 --datacollectionport 18503 --telemetryoptedin false'
TpTrace Verbose: 0 : 22724, 6, 2022/01/10, 16:03:18.987, 3575397770195, vstest.console.dll, Test Runtime launched
TpTrace Verbose: 0 : 22724, 4, 2022/01/10, 16:03:18.989, 3575397787490, vstest.console.dll, TestRequestSender.WaitForRequestHandlerConnection: waiting for connection with timeout: 90000
TpTrace Verbose: 0 : 22724, 6, 2022/01/10, 16:03:19.456, 3575402467420, vstest.console.dll, SocketServer.OnClientConnected: Client connected for endPoint: 127.0.0.1:18505, starting MessageLoopAsync:
TpTrace Verbose: 0 : 22724, 6, 2022/01/10, 16:03:19.457, 3575402473858, vstest.console.dll, TcpClientExtensions.MessageLoopAsync: Polling on remoteEndPoint: 127.0.0.1:18506 localEndPoint: 127.0.0.1:18505
TpTrace Verbose: 0 : 22724, 6, 2022/01/10, 16:03:19.740, 3575405306665, vstest.console.dll, TcpClientExtensions.MessageLoopAsync: NotifyDataAvailable remoteEndPoint: 127.0.0.1:18506 localEndPoint: 127.0.0.1:18505
TpTrace Verbose: 0 : 22724, 6, 2022/01/10, 16:03:19.741, 3575405311072, vstest.console.dll, TestRequestSender.CheckVersionWithTestHost: onMessageReceived received message: (ProtocolVersion) -> 5
TpTrace Verbose: 0 : 22724, 6, 2022/01/10, 16:03:19.742, 3575405317686, vstest.console.dll, TcpClientExtensions.MessageLoopAsync: Polling on remoteEndPoint: 127.0.0.1:18506 localEndPoint: 127.0.0.1:18505
TpTrace Verbose: 0 : 22724, 4, 2022/01/10, 16:03:19.742, 3575405319808, vstest.console.dll, TestPluginCache.GetExtensionPaths: Filtered extension paths: 
TpTrace Verbose: 0 : 22724, 4, 2022/01/10, 16:03:19.742, 3575405324052, vstest.console.dll, TestPluginCache.GetExtensionPaths: Added default extension paths: C:\Program Files\dotnet\sdk\5.0.402\Extensions\Microsoft.Diagnostics.NETCore.Client.dll
C:\Program Files\dotnet\sdk\5.0.402\Extensions\Microsoft.TestPlatform.Extensions.BlameDataCollector.dll
C:\Program Files\dotnet\sdk\5.0.402\Extensions\Microsoft.TestPlatform.Extensions.EventLogCollector.dll
C:\Program Files\dotnet\sdk\5.0.402\Extensions\Microsoft.TestPlatform.TestHostRuntimeProvider.dll
C:\Program Files\dotnet\sdk\5.0.402\Extensions\Microsoft.VisualStudio.TestPlatform.Extensions.Html.TestLogger.dll
C:\Program Files\dotnet\sdk\5.0.402\Extensions\Microsoft.VisualStudio.TestPlatform.Extensions.Trx.TestLogger.dll
TpTrace Verbose: 0 : 22724, 4, 2022/01/10, 16:03:19.742, 3575405325249, vstest.console.dll, TestPluginCache.GetExtensionPaths: Added unfilterableExtensionPaths: 
TpTrace Verbose: 0 : 22724, 4, 2022/01/10, 16:03:19.754, 3575405440393, vstest.console.dll, TestRequestSender.InitializeExecution: Sending initializing execution with message: {"Version":5,"MessageType":"TestExecution.Initialize","Payload":["C:\\Users\\Armin\\Documents\\GitHub\\Grupa-3-Verifikovani-i-Validirani-Softverasi\\Zadaća 4\\SeleniumTest\\bin\\Debug\\net5.0\\fine-code-coverage\\build-output\\Microsoft.VisualStudio.TestPlatform.MSTest.TestAdapter.dll"]}
TpTrace Verbose: 0 : 22724, 4, 2022/01/10, 16:03:19.777, 3575405671196, vstest.console.dll, TestRequestSender.StartTestRun: Sending test run with message: {"Version":5,"MessageType":"TestExecution.StartWithSources","Payload":{"AdapterSourceMap":{"_none_":["C:\\Users\\Armin\\Documents\\GitHub\\Grupa-3-Verifikovani-i-Validirani-Softverasi\\Zadaća 4\\SeleniumTest\\bin\\Debug\\net5.0\\fine-code-coverage\\build-output\\SeleniumTest.dll"]},"RunSettings":"<RunSettings>\r\n  <RunConfiguration>\r\n    <ResultsDirectory>C:\\Users\\Armin\\Documents\\GitHub\\Grupa-3-Verifikovani-i-Validirani-Softverasi\\Zadaća 4\\SeleniumTest\\bin\\Debug\\net5.0\\fine-code-coverage\\coverage-tool-output</ResultsDirectory>\r\n    <TargetPlatform>X64</TargetPlatform>\r\n    <TargetFrameworkVersion>.NETCoreApp,Version=v5.0</TargetFrameworkVersion>\r\n    <DesignMode>False</DesignMode>\r\n    <CollectSourceInformation>False</CollectSourceInformation>\r\n  </RunConfiguration>\r\n  <LoggerRunSettings>\r\n    <Loggers>\r\n      <Logger friendlyName=\"blame\" enabled=\"True\" />\r\n      <Logger friendlyName=\"Console\" uri=\"logger://microsoft/TestPlatform/ConsoleLogger/v1\" assemblyQualifiedName=\"Microsoft.VisualStudio.TestPlatform.CommandLine.Internal.ConsoleLogger, vstest.console, Version=15.0.0.0, Culture=neutral, PublicKeyToken=b03f5f7f11d50a3a\" codeBase=\"C:\\Program Files\\dotnet\\sdk\\5.0.402\\vstest.console.dll\" enabled=\"True\" />\r\n    </Loggers>\r\n  </LoggerRunSettings>\r\n  <DataCollectionRunSettings>\r\n    <DataCollectors>\r\n      <DataCollector friendlyName=\"blame\" enabled=\"True\">\r\n        <Configuration>\r\n          <ResultsDirectory>C:\\Users\\Armin\\Documents\\GitHub\\Grupa-3-Verifikovani-i-Validirani-Softverasi\\Zadaća 4\\SeleniumTest\\bin\\Debug\\net5.0\\fine-code-coverage\\coverage-tool-output</ResultsDirectory>\r\n        </Configuration>\r\n      </DataCollector>\r\n    </DataCollectors>\r\n  </DataCollectionRunSettings>\r\n</RunSettings>","TestExecutionContext":{"FrequencyOfRunStatsChangeEvent":10,"RunStatsChangeEventTimeout":"00:00:01.5000000","InIsolation":false,"KeepAlive":false,"AreTestCaseLevelEventsRequired":false,"IsDebug":false,"TestCaseFilter":null,"FilterOptions":null},"Package":null}}
TpTrace Verbose: 0 : 22724, 6, 2022/01/10, 16:03:19.787, 3575405775511, vstest.console.dll, TcpClientExtensions.MessageLoopAsync: NotifyDataAvailable remoteEndPoint: 127.0.0.1:18506 localEndPoint: 127.0.0.1:18505
TpTrace Verbose: 0 : 22724, 6, 2022/01/10, 16:03:19.788, 3575405779618, vstest.console.dll, TestRequestSender.OnExecutionMessageReceived: Received message: {"Version":5,"MessageType":"TestSession.Message","Payload":{"MessageLevel":0,"Message":"Logging TestHost Diagnostics in file: C:\\Users\\Armin\\Documents\\GitHub\\Grupa-3-Verifikovani-i-Validirani-Softverasi\\Zadaća 4\\SeleniumTest\\bin\\Debug\\net5.0\\fine-code-coverage\\coverage-tool-output\\diagnostics.host.22-01-10_16-03-18_95481_4.log"}}
TpTrace Verbose: 0 : 22724, 6, 2022/01/10, 16:03:19.792, 3575405826153, vstest.console.dll, TestRunRequest:SendTestRunMessage: Starting.
TpTrace Information: 0 : 22724, 6, 2022/01/10, 16:03:19.793, 3575405829426, vstest.console.dll, TestRunRequest:SendTestRunMessage: Completed.
TpTrace Verbose: 0 : 22724, 6, 2022/01/10, 16:03:19.793, 3575405830939, vstest.console.dll, TcpClientExtensions.MessageLoopAsync: Polling on remoteEndPoint: 127.0.0.1:18506 localEndPoint: 127.0.0.1:18505
TpTrace Verbose: 0 : 22724, 6, 2022/01/10, 16:03:20.796, 3575415862478, vstest.console.dll, TcpClientExtensions.MessageLoopAsync: Polling on remoteEndPoint: 127.0.0.1:18506 localEndPoint: 127.0.0.1:18505
TpTrace Verbose: 0 : 22724, 6, 2022/01/10, 16:03:21.606, 3575423957741, vstest.console.dll, TcpClientExtensions.MessageLoopAsync: NotifyDataAvailable remoteEndPoint: 127.0.0.1:18506 localEndPoint: 127.0.0.1:18505
TpTrace Verbose: 0 : 22724, 6, 2022/01/10, 16:03:21.606, 3575423962310, vstest.console.dll, TestRequestSender.OnExecutionMessageReceived: Received message: {"Version":5,"MessageType":"TestExecution.StatsChange","Payload":{"NewTestResults":[],"TestRunStatistics":{"ExecutedTests":0,"Stats":{}},"ActiveTests":[{"Id":"bbd68cba-ea0f-eaee-9002-2ae5a0d62709","FullyQualifiedName":"SeleniumTest.UnitTest1.Ispod1900","DisplayName":"Ispod1900","ExecutorUri":"executor://MSTestAdapter/v2","Source":"C:\\Users\\Armin\\Documents\\GitHub\\Grupa-3-Verifikovani-i-Validirani-Softverasi\\Zadaća 4\\SeleniumTest\\bin\\Debug\\net5.0\\fine-code-coverage\\build-output\\SeleniumTest.dll","CodeFilePath":null,"LineNumber":-1,"Properties":[{"Key":{"Id":"TestCase.ManagedType","Label":"ManagedType","Category":"","Description":"","Attributes":1,"ValueType":"System.String"},"Value":"SeleniumTest.UnitTest1"},{"Key":{"Id":"TestCase.ManagedMethod","Label":"ManagedMethod","Category":"","Description":"","Attributes":1,"ValueType":"System.String"},"Value":"Ispod1900(System.String)"},{"Key":{"Id":"MSTestDiscoverer.TestClassName","Label":"ClassName","Category":"","Description":"","Attributes":1,"ValueType":"System.String"},"Value":"SeleniumTest.UnitTest1"},{"Key":{"Id":"TestObject.Traits","Label":"Traits","Category":"","Description":"","Attributes":5,"ValueType":"System.Collections.Generic.KeyValuePair`2[[System.String],[System.String]][]"},"Value":[]}]}]}}
TpTrace Verbose: 0 : 22724, 6, 2022/01/10, 16:03:21.830, 3575426202148, vstest.console.dll, TestRunRequest:SendTestRunStatsChange: Starting.
TpTrace Verbose: 0 : 22724, 6, 2022/01/10, 16:03:21.830, 3575426205905, vstest.console.dll, InProgress is Ispod1900
TpTrace Information: 0 : 22724, 6, 2022/01/10, 16:03:21.831, 3575426209216, vstest.console.dll, TestRunRequest:SendTestRunStatsChange: Completed.
TpTrace Verbose: 0 : 22724, 6, 2022/01/10, 16:03:21.831, 3575426210559, vstest.console.dll, TcpClientExtensions.MessageLoopAsync: Polling on remoteEndPoint: 127.0.0.1:18506 localEndPoint: 127.0.0.1:18505
TpTrace Verbose: 0 : 22724, 6, 2022/01/10, 16:03:22.833, 3575436237252, vstest.console.dll, TcpClientExtensions.MessageLoopAsync: Polling on remoteEndPoint: 127.0.0.1:18506 localEndPoint: 127.0.0.1:18505
TpTrace Verbose: 0 : 22724, 6, 2022/01/10, 16:03:23.844, 3575446342561, vstest.console.dll, TcpClientExtensions.MessageLoopAsync: Polling on remoteEndPoint: 127.0.0.1:18506 localEndPoint: 127.0.0.1:18505
TpTrace Verbose: 0 : 22724, 6, 2022/01/10, 16:03:24.859, 3575456492897, vstest.console.dll, TcpClientExtensions.MessageLoopAsync: Polling on remoteEndPoint: 127.0.0.1:18506 localEndPoint: 127.0.0.1:18505
TpTrace Verbose: 0 : 22724, 6, 2022/01/10, 16:03:25.055, 3575458454418, vstest.console.dll, TcpClientExtensions.MessageLoopAsync: NotifyDataAvailable remoteEndPoint: 127.0.0.1:18506 localEndPoint: 127.0.0.1:18505
TpTrace Verbose: 0 : 22724, 6, 2022/01/10, 16:03:25.056, 3575458458816, vstest.console.dll, TestRequestSender.OnExecutionMessageReceived: Received message: {"Version":5,"MessageType":"TestExecution.StatsChange","Payload":{"NewTestResults":[{"TestCase":{"Id":"bbd68cba-ea0f-eaee-9002-2ae5a0d62709","FullyQualifiedName":"SeleniumTest.UnitTest1.Ispod1900","DisplayName":"Ispod1900","ExecutorUri":"executor://MSTestAdapter/v2","Source":"C:\\Users\\Armin\\Documents\\GitHub\\Grupa-3-Verifikovani-i-Validirani-Softverasi\\Zadaća 4\\SeleniumTest\\bin\\Debug\\net5.0\\fine-code-coverage\\build-output\\SeleniumTest.dll","CodeFilePath":null,"LineNumber":-1,"Properties":[{"Key":{"Id":"TestCase.ManagedType","Label":"ManagedType","Category":"","Description":"","Attributes":1,"ValueType":"System.String"},"Value":"SeleniumTest.UnitTest1"},{"Key":{"Id":"TestCase.ManagedMethod","Label":"ManagedMethod","Category":"","Description":"","Attributes":1,"ValueType":"System.String"},"Value":"Ispod1900(System.String)"},{"Key":{"Id":"MSTestDiscoverer.TestClassName","Label":"ClassName","Category":"","Description":"","Attributes":1,"ValueType":"System.String"},"Value":"SeleniumTest.UnitTest1"},{"Key":{"Id":"TestObject.Traits","Label":"Traits","Category":"","Description":"","Attributes":5,"ValueType":"System.Collections.Generic.KeyValuePair`2[[System.String],[System.String]][]"},"Value":[]}]},"Attachments":[],"Outcome":2,"ErrorMessage":"Class Initialization method SeleniumTest.UnitTest1.Inicijalizacija threw exception. OpenQA.Selenium.NoSuchWindowException: OpenQA.Selenium.NoSuchWindowException: no such window: target window already closed\nfrom unknown error: web view not found\n  (Session info: chrome=97.0.4692.71).","ErrorStackTrace":"   at OpenQA.Selenium.WebDriver.UnpackAndThrowOnError(Response errorResponse)\r\n   at OpenQA.Selenium.WebDriver.Execute(String driverCommandToExecute, Dictionary`2 parameters)\r\n   at OpenQA.Selenium.WebDriver.FindElement(String mechanism, String value)\r\n   at OpenQA.Selenium.By.<.ctor>b__11_0(ISearchContext context)\r\n   at OpenQA.Selenium.By.FindElement(ISearchContext context)\r\n   at OpenQA.Selenium.WebDriver.FindElement(By by)\r\n   at SeleniumTest.UnitTest1.Inicijalizacija(TestContext context) in C:\\Users\\Armin\\Documents\\GitHub\\Grupa-3-Verifikovani-i-Validirani-Softverasi\\Zadaća 4\\SeleniumTest\\UnitTest1.cs:line 25\r\n","DisplayName":null,"Messages":[],"ComputerName":null,"Duration":"00:00:00","StartTime":"2022-01-10T16:03:20.4024502+01:00","EndTime":"2022-01-10T16:03:24.9381751+01:00","Properties":[{"Key":{"Id":"ExecutionId","Label":"ExecutionId","Category":"","Description":"","Attributes":1,"ValueType":"System.Guid"},"Value":"00000000-0000-0000-0000-000000000000"},{"Key":{"Id":"ParentExecId","Label":"ParentExecId","Category":"","Description":"","Attributes":1,"ValueType":"System.Guid"},"Value":"00000000-0000-0000-0000-000000000000"},{"Key":{"Id":"InnerResultsCount","Label":"InnerResultsCount","Category":"","Description":"","Attributes":1,"ValueType":"System.Int32"},"Value":0}]}],"TestRunStatistics":{"ExecutedTests":1,"Stats":{"Failed":1}},"ActiveTests":[{"Id":"cb392bcc-3e9d-e7cf-dc6f-86a00eaea9d5","FullyQualifiedName":"SeleniumTest.UnitTest1.Ispod1945","DisplayName":"Ispod1945","ExecutorUri":"executor://MSTestAdapter/v2","Source":"C:\\Users\\Armin\\Documents\\GitHub\\Grupa-3-Verifikovani-i-Validirani-Softverasi\\Zadaća 4\\SeleniumTest\\bin\\Debug\\net5.0\\fine-code-coverage\\build-output\\SeleniumTest.dll","CodeFilePath":null,"LineNumber":-1,"Properties":[{"Key":{"Id":"TestCase.ManagedType","Label":"ManagedType","Category":"","Description":"","Attributes":1,"ValueType":"System.String"},"Value":"SeleniumTest.UnitTest1"},{"Key":{"Id":"TestCase.ManagedMethod","Label":"ManagedMethod","Category":"","Description":"","Attributes":1,"ValueType":"System.String"},"Value":"Ispod1945(System.String)"},{"Key":{"Id":"MSTestDiscoverer.TestClassName","Label":"ClassName","Category":"","Description":"","Attributes":1,"ValueType":"System.String"},"Value":"SeleniumTest.UnitTest1"},{"Key":{"Id":"TestObject.Traits","Label":"Traits","Category":"","Description":"","Attributes":5,"ValueType":"System.Collections.Generic.KeyValuePair`2[[System.String],[System.String]][]"},"Value":[]}]}]}}
TpTrace Verbose: 0 : 22724, 6, 2022/01/10, 16:03:25.108, 3575458980329, vstest.console.dll, TestRunRequest:SendTestRunStatsChange: Starting.
TpTrace Verbose: 0 : 22724, 6, 2022/01/10, 16:03:25.108, 3575458985061, vstest.console.dll, InProgress is Ispod1945
TpTrace Information: 0 : 22724, 6, 2022/01/10, 16:03:25.109, 3575458990480, vstest.console.dll, TestRunRequest:SendTestRunStatsChange: Completed.
TpTrace Verbose: 0 : 22724, 6, 2022/01/10, 16:03:25.109, 3575458992554, vstest.console.dll, TcpClientExtensions.MessageLoopAsync: Polling on remoteEndPoint: 127.0.0.1:18506 localEndPoint: 127.0.0.1:18505
TpTrace Verbose: 0 : 22724, 6, 2022/01/10, 16:03:26.120, 3575469104931, vstest.console.dll, TcpClientExtensions.MessageLoopAsync: Polling on remoteEndPoint: 127.0.0.1:18506 localEndPoint: 127.0.0.1:18505
TpTrace Verbose: 0 : 22724, 6, 2022/01/10, 16:03:26.573, 3575473633818, vstest.console.dll, TcpClientExtensions.MessageLoopAsync: NotifyDataAvailable remoteEndPoint: 127.0.0.1:18506 localEndPoint: 127.0.0.1:18505
TpTrace Verbose: 0 : 22724, 6, 2022/01/10, 16:03:26.574, 3575473638098, vstest.console.dll, TestRequestSender.OnExecutionMessageReceived: Received message: {"Version":5,"MessageType":"TestExecution.StatsChange","Payload":{"NewTestResults":[{"TestCase":{"Id":"cb392bcc-3e9d-e7cf-dc6f-86a00eaea9d5","FullyQualifiedName":"SeleniumTest.UnitTest1.Ispod1945","DisplayName":"Ispod1945","ExecutorUri":"executor://MSTestAdapter/v2","Source":"C:\\Users\\Armin\\Documents\\GitHub\\Grupa-3-Verifikovani-i-Validirani-Softverasi\\Zadaća 4\\SeleniumTest\\bin\\Debug\\net5.0\\fine-code-coverage\\build-output\\SeleniumTest.dll","CodeFilePath":null,"LineNumber":-1,"Properties":[{"Key":{"Id":"TestCase.ManagedType","Label":"ManagedType","Category":"","Description":"","Attributes":1,"ValueType":"System.String"},"Value":"SeleniumTest.UnitTest1"},{"Key":{"Id":"TestCase.ManagedMethod","Label":"ManagedMethod","Category":"","Description":"","Attributes":1,"ValueType":"System.String"},"Value":"Ispod1945(System.String)"},{"Key":{"Id":"MSTestDiscoverer.TestClassName","Label":"ClassName","Category":"","Description":"","Attributes":1,"ValueType":"System.String"},"Value":"SeleniumTest.UnitTest1"},{"Key":{"Id":"TestObject.Traits","Label":"Traits","Category":"","Description":"","Attributes":5,"ValueType":"System.Collections.Generic.KeyValuePair`2[[System.String],[System.String]][]"},"Value":[]}]},"Attachments":[],"Outcome":2,"ErrorMessage":"Class Initialization method SeleniumTest.UnitTest1.Inicijalizacija threw exception. OpenQA.Selenium.NoSuchWindowException: OpenQA.Selenium.NoSuchWindowException: no such window: target window already closed\nfrom unknown error: web view not found\n  (Session info: chrome=97.0.4692.71).","ErrorStackTrace":"   at OpenQA.Selenium.WebDriver.UnpackAndThrowOnError(Response errorResponse)\r\n   at OpenQA.Selenium.WebDriver.Execute(String driverCommandToExecute, Dictionary`2 parameters)\r\n   at OpenQA.Selenium.WebDriver.FindElement(String mechanism, String value)\r\n   at OpenQA.Selenium.By.<.ctor>b__11_0(ISearchContext context)\r\n   at OpenQA.Selenium.By.FindElement(ISearchContext context)\r\n   at OpenQA.Selenium.WebDriver.FindElement(By by)\r\n   at SeleniumTest.UnitTest1.Inicijalizacija(TestContext context) in C:\\Users\\Armin\\Documents\\GitHub\\Grupa-3-Verifikovani-i-Validirani-Softverasi\\Zadaća 4\\SeleniumTest\\UnitTest1.cs:line 25\r\n","DisplayName":null,"Messages":[],"ComputerName":null,"Duration":"00:00:00","StartTime":"2022-01-10T16:03:25.0589441+01:00","EndTime":"2022-01-10T16:03:25.0600162+01:00","Properties":[{"Key":{"Id":"ExecutionId","Label":"ExecutionId","Category":"","Description":"","Attributes":1,"ValueType":"System.Guid"},"Value":"00000000-0000-0000-0000-000000000000"},{"Key":{"Id":"ParentExecId","Label":"ParentExecId","Category":"","Description":"","Attributes":1,"ValueType":"System.Guid"},"Value":"00000000-0000-0000-0000-000000000000"},{"Key":{"Id":"InnerResultsCount","Label":"InnerResultsCount","Category":"","Description":"","Attributes":1,"ValueType":"System.Int32"},"Value":0}]},{"TestCase":{"Id":"037a70cc-340d-b6df-4fd9-87939d8dda24","FullyQualifiedName":"SeleniumTest.UnitTest1.Ispod1975","DisplayName":"Ispod1975","ExecutorUri":"executor://MSTestAdapter/v2","Source":"C:\\Users\\Armin\\Documents\\GitHub\\Grupa-3-Verifikovani-i-Validirani-Softverasi\\Zadaća 4\\SeleniumTest\\bin\\Debug\\net5.0\\fine-code-coverage\\build-output\\SeleniumTest.dll","CodeFilePath":null,"LineNumber":-1,"Properties":[{"Key":{"Id":"TestCase.ManagedType","Label":"ManagedType","Category":"","Description":"","Attributes":1,"ValueType":"System.String"},"Value":"SeleniumTest.UnitTest1"},{"Key":{"Id":"TestCase.ManagedMethod","Label":"ManagedMethod","Category":"","Description":"","Attributes":1,"ValueType":"System.String"},"Value":"Ispod1975(System.String)"},{"Key":{"Id":"MSTestDiscoverer.TestClassName","Label":"ClassName","Category":"","Description":"","Attributes":1,"ValueType":"System.String"},"Value":"SeleniumTest.UnitTest1"},{"Key":{"Id":"TestObject.Traits","Label":"Traits","Category":"","Description":"","Attributes":5,"ValueType":"System.Collections.Generic.KeyValuePair`2[[System.String],[System.String]][]"},"Value":[]}]},"Attachments":[],"Outcome":2,"ErrorMessage":"Class Initialization method SeleniumTest.UnitTest1.Inicijalizacija threw exception. OpenQA.Selenium.NoSuchWindowException: OpenQA.Selenium.NoSuchWindowException: no such window: target window already closed\nfrom unknown error: web view not found\n  (Session info: chrome=97.0.4692.71).","ErrorStackTrace":"   at OpenQA.Selenium.WebDriver.UnpackAndThrowOnError(Response errorResponse)\r\n   at OpenQA.Selenium.WebDriver.Execute(String driverCommandToExecute, Dictionary`2 parameters)\r\n   at OpenQA.Selenium.WebDriver.FindElement(String mechanism, String value)\r\n   at OpenQA.Selenium.By.<.ctor>b__11_0(ISearchContext context)\r\n   at OpenQA.Selenium.By.FindElement(ISearchContext context)\r\n   at OpenQA.Selenium.WebDriver.FindElement(By by)\r\n   at SeleniumTest.UnitTest1.Inicijalizacija(TestContext context) in C:\\Users\\Armin\\Documents\\GitHub\\Grupa-3-Verifikovani-i-Validirani-Softverasi\\Zadaća 4\\SeleniumTest\\UnitTest1.cs:line 25\r\n","DisplayName":null,"Messages":[],"ComputerName":null,"Duration":"00:00:00","StartTime":"2022-01-10T16:03:25.0788617+01:00","EndTime":"2022-01-10T16:03:25.079736+01:00","Properties":[{"Key":{"Id":"ExecutionId","Label":"ExecutionId","Category":"","Description":"","Attributes":1,"ValueType":"System.Guid"},"Value":"00000000-0000-0000-0000-000000000000"},{"Key":{"Id":"ParentExecId","Label":"ParentExecId","Category":"","Description":"","Attributes":1,"ValueType":"System.Guid"},"Value":"00000000-0000-0000-0000-000000000000"},{"Key":{"Id":"InnerResultsCount","Label":"InnerResultsCount","Category":"","Description":"","Attributes":1,"ValueType":"System.Int32"},"Value":0}]},{"TestCase":{"Id":"1e797d28-edd2-601b-8a52-3ffe3162d3b2","FullyQualifiedName":"SeleniumTest.UnitTest1.Ispod1995","DisplayName":"Ispod1995","ExecutorUri":"executor://MSTestAdapter/v2","Source":"C:\\Users\\Armin\\Documents\\GitHub\\Grupa-3-Verifikovani-i-Validirani-Softverasi\\Zadaća 4\\SeleniumTest\\bin\\Debug\\net5.0\\fine-code-coverage\\build-output\\SeleniumTest.dll","CodeFilePath":null,"LineNumber":-1,"Properties":[{"Key":{"Id":"TestCase.ManagedType","Label":"ManagedType","Category":"","Description":"","Attributes":1,"ValueType":"System.String"},"Value":"SeleniumTest.UnitTest1"},{"Key":{"Id":"TestCase.ManagedMethod","Label":"ManagedMethod","Category":"","Description":"","Attributes":1,"ValueType":"System.String"},"Value":"Ispod1995(System.String)"},{"Key":{"Id":"MSTestDiscoverer.TestClassName","Label":"ClassName","Category":"","Description":"","Attributes":1,"ValueType":"System.String"},"Value":"SeleniumTest.UnitTest1"},{"Key":{"Id":"TestObject.Traits","Label":"Traits","Category":"","Description":"","Attributes":5,"ValueType":"System.Collections.Generic.KeyValuePair`2[[System.String],[System.String]][]"},"Value":[]}]},"Attachments":[],"Outcome":2,"ErrorMessage":"Class Initialization method SeleniumTest.UnitTest1.Inicijalizacija threw exception. OpenQA.Selenium.NoSuchWindowException: OpenQA.Selenium.NoSuchWindowException: no such window: target window already closed\nfrom unknown error: web view not found\n  (Session info: chrome=97.0.4692.71).","ErrorStackTrace":"   at OpenQA.Selenium.WebDriver.UnpackAndThrowOnError(Response errorResponse)\r\n   at OpenQA.Selenium.WebDriver.Execute(String driverCommandToExecute, Dictionary`2 parameters)\r\n   at OpenQA.Selenium.WebDriver.FindElement(String mechanism, String value)\r\n   at OpenQA.Selenium.By.<.ctor>b__11_0(ISearchContext context)\r\n   at OpenQA.Selenium.By.FindElement(ISearchContext context)\r\n   at OpenQA.Selenium.WebDriver.FindElement(By by)\r\n   at SeleniumTest.UnitTest1.Inicijalizacija(TestContext context) in C:\\Users\\Armin\\Documents\\GitHub\\Grupa-3-Verifikovani-i-Validirani-Softverasi\\Zadaća 4\\SeleniumTest\\UnitTest1.cs:line 25\r\n","DisplayName":null,"Messages":[],"ComputerName":null,"Duration":"00:00:00","StartTime":"2022-01-10T16:03:25.0929086+01:00","EndTime":"2022-01-10T16:03:25.0938599+01:00","Properties":[{"Key":{"Id":"ExecutionId","Label":"ExecutionId","Category":"","Description":"","Attributes":1,"ValueType":"System.Guid"},"Value":"00000000-0000-0000-0000-000000000000"},{"Key":{"Id":"ParentExecId","Label":"ParentExecId","Category":"","Description":"","Attributes":1,"ValueType":"System.Guid"},"Value":"00000000-0000-0000-0000-000000000000"},{"Key":{"Id":"InnerResultsCount","Label":"InnerResultsCount","Category":"","Description":"","Attributes":1,"ValueType":"System.Int32"},"Value":0}]},{"TestCase":{"Id":"35fd7e9a-cd76-095e-d98c-39cb145ccd2e","FullyQualifiedName":"SeleniumTest.UnitTest1.Iznad1995","DisplayName":"Iznad1995","ExecutorUri":"executor://MSTestAdapter/v2","Source":"C:\\Users\\Armin\\Documents\\GitHub\\Grupa-3-Verifikovani-i-Validirani-Softverasi\\Zadaća 4\\SeleniumTest\\bin\\Debug\\net5.0\\fine-code-coverage\\build-output\\SeleniumTest.dll","CodeFilePath":null,"LineNumber":-1,"Properties":[{"Key":{"Id":"TestCase.ManagedType","Label":"ManagedType","Category":"","Description":"","Attributes":1,"ValueType":"System.String"},"Value":"SeleniumTest.UnitTest1"},{"Key":{"Id":"TestCase.ManagedMethod","Label":"ManagedMethod","Category":"","Description":"","Attributes":1,"ValueType":"System.String"},"Value":"Iznad1995(System.String)"},{"Key":{"Id":"MSTestDiscoverer.TestClassName","Label":"ClassName","Category":"","Description":"","Attributes":1,"ValueType":"System.String"},"Value":"SeleniumTest.UnitTest1"},{"Key":{"Id":"TestObject.Traits","Label":"Traits","Category":"","Description":"","Attributes":5,"ValueType":"System.Collections.Generic.KeyValuePair`2[[System.String],[System.String]][]"},"Value":[]}]},"Attachments":[],"Outcome":2,"ErrorMessage":"Class Initialization method SeleniumTest.UnitTest1.Inicijalizacija threw exception. OpenQA.Selenium.NoSuchWindowException: OpenQA.Selenium.NoSuchWindowException: no such window: target window already closed\nfrom unknown error: web view not found\n  (Session info: chrome=97.0.4692.71).","ErrorStackTrace":"   at OpenQA.Selenium.WebDriver.UnpackAndThrowOnError(Response errorResponse)\r\n   at OpenQA.Selenium.WebDriver.Execute(String driverCommandToExecute, Dictionary`2 parameters)\r\n   at OpenQA.Selenium.WebDriver.FindElement(String mechanism, String value)\r\n   at OpenQA.Selenium.By.<.ctor>b__11_0(ISearchContext context)\r\n   at OpenQA.Selenium.By.FindElement(ISearchContext context)\r\n   at OpenQA.Selenium.WebDriver.FindElement(By by)\r\n   at SeleniumTest.UnitTest1.Inicijalizacija(TestContext context) in C:\\Users\\Armin\\Documents\\GitHub\\Grupa-3-Verifikovani-i-Validirani-Softverasi\\Zadaća 4\\SeleniumTest\\UnitTest1.cs:line 25\r\n","DisplayName":null,"Messages":[],"ComputerName":null,"Duration":"00:00:00","StartTime":"2022-01-10T16:03:25.1036128+01:00","EndTime":"2022-01-10T16:03:25.1051793+01:00","Properties":[{"Key":{"Id":"ExecutionId","Label":"ExecutionId","Category":"","Description":"","Attributes":1,"ValueType":"System.Guid"},"Value":"00000000-0000-0000-0000-000000000000"},{"Key":{"Id":"ParentExecId","Label":"ParentExecId","Category":"","Description":"","Attributes":1,"ValueType":"System.Guid"},"Value":"00000000-0000-0000-0000-000000000000"},{"Key":{"Id":"InnerResultsCount","Label":"InnerResultsCount","Category":"","Description":"","Attributes":1,"ValueType":"System.Int32"},"Value":0}]}],"TestRunStatistics":{"ExecutedTests":5,"Stats":{"Failed":5}},"ActiveTests":[]}}
TpTrace Verbose: 0 : 22724, 6, 2022/01/10, 16:03:26.576, 3575473666768, vstest.console.dll, TestRunRequest:SendTestRunStatsChange: Starting.
TpTrace Information: 0 : 22724, 6, 2022/01/10, 16:03:26.577, 3575473668339, vstest.console.dll, TestRunRequest:SendTestRunStatsChange: Completed.
TpTrace Verbose: 0 : 22724, 6, 2022/01/10, 16:03:26.577, 3575473669018, vstest.console.dll, TcpClientExtensions.MessageLoopAsync: Polling on remoteEndPoint: 127.0.0.1:18506 localEndPoint: 127.0.0.1:18505
TpTrace Verbose: 0 : 22724, 6, 2022/01/10, 16:03:27.589, 3575483792566, vstest.console.dll, TcpClientExtensions.MessageLoopAsync: Polling on remoteEndPoint: 127.0.0.1:18506 localEndPoint: 127.0.0.1:18505
TpTrace Verbose: 0 : 22724, 6, 2022/01/10, 16:03:28.596, 3575493861326, vstest.console.dll, TcpClientExtensions.MessageLoopAsync: Polling on remoteEndPoint: 127.0.0.1:18506 localEndPoint: 127.0.0.1:18505
TpTrace Verbose: 0 : 22724, 6, 2022/01/10, 16:03:29.474, 3575502645977, vstest.console.dll, TcpClientExtensions.MessageLoopAsync: NotifyDataAvailable remoteEndPoint: 127.0.0.1:18506 localEndPoint: 127.0.0.1:18505
TpTrace Verbose: 0 : 22724, 6, 2022/01/10, 16:03:29.475, 3575502650554, vstest.console.dll, TestRequestSender.OnExecutionMessageReceived: Received message: {"Version":5,"MessageType":"TestSession.Message","Payload":{"MessageLevel":1,"Message":"Class Cleanup method UnitTest1.ClassCleanup failed. Error Message: OpenQA.Selenium.WebDriverException: chrome not reachable\n  (Session info: chrome=97.0.4692.71). Stack Trace:     at OpenQA.Selenium.WebDriver.UnpackAndThrowOnError(Response errorResponse)\r\n   at OpenQA.Selenium.WebDriver.Execute(String driverCommandToExecute, Dictionary`2 parameters)\r\n   at OpenQA.Selenium.WebDriver.Close()\r\n   at SeleniumTest.UnitTest1.ClassCleanup() in C:\\Users\\Armin\\Documents\\GitHub\\Grupa-3-Verifikovani-i-Validirani-Softverasi\\Zadaća 4\\SeleniumTest\\UnitTest1.cs:line 31\r\n"}}
TpTrace Verbose: 0 : 22724, 6, 2022/01/10, 16:03:29.475, 3575502653774, vstest.console.dll, TestRunRequest:SendTestRunMessage: Starting.
TpTrace Information: 0 : 22724, 6, 2022/01/10, 16:03:29.475, 3575502655259, vstest.console.dll, TestRunRequest:SendTestRunMessage: Completed.
TpTrace Verbose: 0 : 22724, 6, 2022/01/10, 16:03:29.475, 3575502656632, vstest.console.dll, TcpClientExtensions.MessageLoopAsync: Polling on remoteEndPoint: 127.0.0.1:18506 localEndPoint: 127.0.0.1:18505
TpTrace Verbose: 0 : 22724, 6, 2022/01/10, 16:03:29.489, 3575502794748, vstest.console.dll, TcpClientExtensions.MessageLoopAsync: NotifyDataAvailable remoteEndPoint: 127.0.0.1:18506 localEndPoint: 127.0.0.1:18505
TpTrace Verbose: 0 : 22724, 6, 2022/01/10, 16:03:29.490, 3575502797849, vstest.console.dll, TestRequestSender.OnExecutionMessageReceived: Received message: {"Version":5,"MessageType":"TestExecution.Completed","Payload":{"TestRunCompleteArgs":{"TestRunStatistics":{"ExecutedTests":5,"Stats":{"Failed":5}},"IsCanceled":false,"IsAborted":false,"Error":null,"AttachmentSets":[],"ElapsedTimeInRunningTests":"00:00:09.3878738","Metrics":{}},"LastRunTests":{"NewTestResults":[],"TestRunStatistics":{"ExecutedTests":5,"Stats":{"Failed":5}},"ActiveTests":[]},"RunAttachments":[],"ExecutorUris":["executor://mstestadapter/v2"]}}
TpTrace Verbose: 0 : 22724, 6, 2022/01/10, 16:03:29.490, 3575502800666, vstest.console.dll, TestRequestSender.EndSession: Sending end session.
TpTrace Verbose: 0 : 22724, 6, 2022/01/10, 16:03:29.490, 3575502802888, vstest.console.dll, ProxyOperationManager.Close: waiting for test host to exit for 100 ms
TpTrace Verbose: 0 : 22724, 7, 2022/01/10, 16:03:29.515, 3575503050207, vstest.console.dll, TestHostProvider.ExitCallBack: Host exited starting callback.
TpTrace Information: 0 : 22724, 7, 2022/01/10, 16:03:29.516, 3575503065325, vstest.console.dll, TestHostManagerCallbacks.ExitCallBack: Testhost processId: 27772 exited with exitcode: 0 error: ''
TpTrace Verbose: 0 : 22724, 7, 2022/01/10, 16:03:29.517, 3575503068071, vstest.console.dll, DotnetTestHostManager.OnHostExited: invoking OnHostExited callback
TpTrace Verbose: 0 : 22724, 7, 2022/01/10, 16:03:29.517, 3575503069037, vstest.console.dll, CrossPlatEngine.TestHostManagerHostExited: calling on client process exit callback.
TpTrace Information: 0 : 22724, 7, 2022/01/10, 16:03:29.517, 3575503070050, vstest.console.dll, TestRequestSender.OnClientProcessExit: Test host process exited. Standard error: 
TpTrace Warning: 0 : 22724, 6, 2022/01/10, 16:03:29.517, 3575503070170, vstest.console.dll, ProxyOperationManager: Timed out waiting for test host to exit. Will terminate process.
TpTrace Information: 0 : 22724, 7, 2022/01/10, 16:03:29.517, 3575503072167, vstest.console.dll, SocketServer.Stop: Stop server endPoint: 127.0.0.1:18505
TpTrace Information: 0 : 22724, 7, 2022/01/10, 16:03:29.517, 3575503074456, vstest.console.dll, SocketServer.Stop: Cancellation requested. Stopping message loop.
TpTrace Verbose: 0 : 22724, 6, 2022/01/10, 16:03:29.518, 3575503080179, vstest.console.dll, ProxyDataCollectionManager.InvokeDataCollectionServiceAction: Starting.
TpTrace Information: 0 : 22724, 6, 2022/01/10, 16:03:29.518, 3575503081403, vstest.console.dll, ProxyDataCollectionManager.AfterTestRunEnd: Get attachment set for datacollector processId: 24856 port: 18500
TpTrace Verbose: 0 : 22724, 6, 2022/01/10, 16:03:29.518, 3575503081997, vstest.console.dll, DataCollectionRequestSender.SendAfterTestRunStartAndGetResult : Send AfterTestRunEnd message with isCancelled: False
TpTrace Verbose: 0 : 22724, 6, 2022/01/10, 16:03:29.523, 3575503128906, vstest.console.dll, DataCollectionRequestSender.SendAfterTestRunStartAndGetResult : Received message: (DataCollection.AfterTestRunEndResult) -> {
  "AttachmentSets": [],
  "Metrics": {}
}
TpTrace Information: 0 : 22724, 6, 2022/01/10, 16:03:29.526, 3575503159521, vstest.console.dll, ProxyDataCollectionManager.InvokeDataCollectionServiceAction: Completed.
TpTrace Warning: 0 : 22724, 9, 2022/01/10, 16:03:29.533, 3575503234251, vstest.console.dll, DataCollectionLauncher.ErrorReceivedCallback datacollector standard error line: 
TpTrace Information: 0 : 22724, 7, 2022/01/10, 16:03:29.540, 3575503302344, vstest.console.dll, DataCollectionLauncher.ExitCallBack: Data collector exited with exitcode: 0 error: ''
TpTrace Verbose: 0 : 22724, 6, 2022/01/10, 16:03:29.547, 3575503376151, vstest.console.dll, TestRunRequest:SendTestRunStatsChange: Starting.
TpTrace Information: 0 : 22724, 6, 2022/01/10, 16:03:29.548, 3575503378468, vstest.console.dll, TestRunRequest:SendTestRunStatsChange: Completed.
TpTrace Verbose: 0 : 22724, 6, 2022/01/10, 16:03:29.548, 3575503381590, vstest.console.dll, ParallelProxyExecutionManager: HandlePartialRunComplete: Total completed clients = 1, Run complete = True, Run canceled: False.
TpTrace Verbose: 0 : 22724, 6, 2022/01/10, 16:03:29.581, 3575503715601, vstest.console.dll, TestRunRequest:TestRunComplete: Starting. IsAborted:False IsCanceled:False.
TpTrace Verbose: 0 : 22724, 6, 2022/01/10, 16:03:29.582, 3575503721902, vstest.console.dll, TestLoggerManager.HandleTestRunComplete: Ignoring as the object is disposed.
TpTrace Information: 0 : 22724, 6, 2022/01/10, 16:03:29.583, 3575503731500, vstest.console.dll, TestRunRequest:TestRunComplete: Completed.
TpTrace Verbose: 0 : 22724, 1, 2022/01/10, 16:03:29.583, 3575503732222, vstest.console.dll, TestRunRequest.Dispose: Starting.
TpTrace Verbose: 0 : 22724, 6, 2022/01/10, 16:03:29.583, 3575503735912, vstest.console.dll, TestRequestSender.SetOperationComplete: Setting operation complete.
TpTrace Information: 0 : 22724, 1, 2022/01/10, 16:03:29.584, 3575503739107, vstest.console.dll, TestRunRequest.Dispose: Completed.
TpTrace Information: 0 : 22724, 6, 2022/01/10, 16:03:29.584, 3575503740311, vstest.console.dll, SocketServer.Stop: Stop server endPoint: 127.0.0.1:18505
TpTrace Information: 0 : 22724, 1, 2022/01/10, 16:03:29.584, 3575503741737, vstest.console.dll, TestRequestManager.RunTests: run tests completed.
TpTrace Information: 0 : 22724, 6, 2022/01/10, 16:03:29.584, 3575503742680, vstest.console.dll, SocketServer.Stop: Cancellation requested. Stopping message loop.
TpTrace Information: 0 : 22724, 1, 2022/01/10, 16:03:29.584, 3575503744268, vstest.console.dll, RunTestsArgumentProcessor:Execute: Test run is completed.
TpTrace Information: 0 : 22724, 6, 2022/01/10, 16:03:29.584, 3575503744442, vstest.console.dll, SocketServer.PrivateStop: Stop server endPoint: 127.0.0.1:18505 error: 
TpTrace Verbose: 0 : 22724, 1, 2022/01/10, 16:03:29.585, 3575503748675, vstest.console.dll, Executor.Execute: Exiting with exit code of 1
